#
# A fatal error has been detected by the Java Runtime Environment:
#
#  SIGSEGV (0xb) at pc=0x000000010b9b240d, pid=13995, tid=39939
#
# JRE version: Java(TM) SE Runtime Environment (16.0.1+9) (build 16.0.1+9-24)
# Java VM: Java HotSpot(TM) 64-Bit Server VM (16.0.1+9-24, mixed mode, sharing, tiered, compressed oops, compressed class ptrs, g1 gc, bsd-amd64)
# Problematic frame:
# V  [libjvm.dylib+0x9b240d]  Symbol::as_C_string() const+0xd
#
# No core dump will be written. Core dumps have been disabled. To enable core dumping, try "ulimit -c unlimited" before starting Java again
#
# If you would like to submit a bug report, please visit:
#   https://bugreport.java.com/bugreport/crash.jsp
#

---------------  S U M M A R Y ------------

Command Line: -XX:TieredStopAtLevel=1 -Xverify:none -XX:TieredStopAtLevel=1 btlltw.demo.DemoApplication

Host: MacBookPro12,1 x86_64 2900 MHz, 4 cores, 16G, Darwin 20.4.0, macOS 10.16 (20E241)
Time: Tue Nov  2 22:51:45 2021 +07 elapsed time: 9.696694 seconds (0d 0h 0m 9s)

---------------  T H R E A D  ---------------

Current thread (0x00007fcad48db800):  JavaThread "restartedMain" [_thread_in_vm, id=39939, stack(0x0000700003582000,0x0000700003682000)]

Stack: [0x0000700003582000,0x0000700003682000],  sp=0x000070000367faf0,  free space=1014k
Native frames: (J=compiled Java code, A=aot compiled Java code, j=interpreted, Vv=VM code, C=native code)
V  [libjvm.dylib+0x9b240d]  Symbol::as_C_string() const+0xd
V  [libjvm.dylib+0x1ce5db]  ExceptionMessageBuilder::print_NPE_failed_action(outputStream*, int)+0x1fb
V  [libjvm.dylib+0x1ce966]  BytecodeUtils::get_NPE_message_at(outputStream*, Method*, int)+0xa6
V  [libjvm.dylib+0x5a4160]  JVM_GetExtendedNPEMessage+0x110
j  java.lang.NullPointerException.getExtendedNPEMessage()Ljava/lang/String;+0 java.base@16.0.1
j  java.lang.NullPointerException.getMessage()Ljava/lang/String;+23 java.base@16.0.1
j  java.lang.Throwable.getLocalizedMessage()Ljava/lang/String;+1 java.base@16.0.1
j  java.lang.Throwable.toString()Ljava/lang/String;+9 java.base@16.0.1
J 1276 c1 java.lang.StringBuilder.append(Ljava/lang/Object;)Ljava/lang/StringBuilder; java.base@16.0.1 (9 bytes) @ 0x0000000113f2519c [0x0000000113f25140+0x000000000000005c]
j  org.springframework.core.NestedExceptionUtils.buildMessage(Ljava/lang/String;Ljava/lang/Throwable;)Ljava/lang/String;+38
j  org.springframework.core.NestedRuntimeException.getMessage()Ljava/lang/String;+8
j  java.lang.Throwable.getLocalizedMessage()Ljava/lang/String;+1 java.base@16.0.1
j  java.lang.Throwable.toString()Ljava/lang/String;+9 java.base@16.0.1
J 1276 c1 java.lang.StringBuilder.append(Ljava/lang/Object;)Ljava/lang/StringBuilder; java.base@16.0.1 (9 bytes) @ 0x0000000113f2519c [0x0000000113f25140+0x000000000000005c]
j  org.springframework.core.NestedExceptionUtils.buildMessage(Ljava/lang/String;Ljava/lang/Throwable;)Ljava/lang/String;+38
j  org.springframework.core.NestedRuntimeException.getMessage()Ljava/lang/String;+8
J 2605 c1 org.springframework.beans.factory.support.AbstractBeanFactory.doGetBean(Ljava/lang/String;Ljava/lang/Class;[Ljava/lang/Object;Z)Ljava/lang/Object; (832 bytes) @ 0x0000000114140bb4 [0x000000011413f020+0x0000000000001b94]
j  org.springframework.beans.factory.support.AbstractBeanFactory.getBean(Ljava/lang/String;)Ljava/lang/Object;+5
j  org.springframework.beans.factory.config.DependencyDescriptor.resolveCandidate(Ljava/lang/String;Ljava/lang/Class;Lorg/springframework/beans/factory/BeanFactory;)Ljava/lang/Object;+2
j  org.springframework.beans.factory.support.DefaultListableBeanFactory.doResolveDependency(Lorg/springframework/beans/factory/config/DependencyDescriptor;Ljava/lang/String;Ljava/util/Set;Lorg/springframework/beans/TypeConverter;)Ljava/lang/Object;+440
j  org.springframework.beans.factory.support.DefaultListableBeanFactory.resolveDependency(Lorg/springframework/beans/factory/config/DependencyDescriptor;Ljava/lang/String;Ljava/util/Set;Lorg/springframework/beans/TypeConverter;)Ljava/lang/Object;+108
j  org.springframework.beans.factory.support.ConstructorResolver.resolveAutowiredArgument(Lorg/springframework/core/MethodParameter;Ljava/lang/String;Ljava/util/Set;Lorg/springframework/beans/TypeConverter;Z)Ljava/lang/Object;+79
j  org.springframework.beans.factory.support.ConstructorResolver.createArgumentArray(Ljava/lang/String;Lorg/springframework/beans/factory/support/RootBeanDefinition;Lorg/springframework/beans/factory/config/ConstructorArgumentValues;Lorg/springframework/beans/BeanWrapper;[Ljava/lang/Class;[Ljava/lang/String;Ljava/lang/reflect/Executable;ZZ)Lorg/springframework/beans/factory/support/ConstructorResolver$ArgumentsHolder;+434
j  org.springframework.beans.factory.support.ConstructorResolver.instantiateUsingFactoryMethod(Ljava/lang/String;Lorg/springframework/beans/factory/support/RootBeanDefinition;[Ljava/lang/Object;)Lorg/springframework/beans/BeanWrapper;+736
j  org.springframework.beans.factory.support.AbstractAutowireCapableBeanFactory.instantiateUsingFactoryMethod(Ljava/lang/String;Lorg/springframework/beans/factory/support/RootBeanDefinition;[Ljava/lang/Object;)Lorg/springframework/beans/BeanWrapper;+11
j  org.springframework.beans.factory.support.AbstractAutowireCapableBeanFactory.createBeanInstance(Ljava/lang/String;Lorg/springframework/beans/factory/support/RootBeanDefinition;[Ljava/lang/Object;)Lorg/springframework/beans/BeanWrapper;+102
j  org.springframework.beans.factory.support.AbstractAutowireCapableBeanFactory.doCreateBean(Ljava/lang/String;Lorg/springframework/beans/factory/support/RootBeanDefinition;[Ljava/lang/Object;)Ljava/lang/Object;+34
j  org.springframework.beans.factory.support.AbstractAutowireCapableBeanFactory.createBean(Ljava/lang/String;Lorg/springframework/beans/factory/support/RootBeanDefinition;[Ljava/lang/Object;)Ljava/lang/Object;+169
j  org.springframework.beans.factory.support.AbstractBeanFactory.lambda$doGetBean$0(Ljava/lang/String;Lorg/springframework/beans/factory/support/RootBeanDefinition;[Ljava/lang/Object;)Ljava/lang/Object;+4
j  org.springframework.beans.factory.support.AbstractBeanFactory$$Lambda$298+0x0000000800da2468.getObject()Ljava/lang/Object;+16
j  org.springframework.beans.factory.support.DefaultSingletonBeanRegistry.getSingleton(Ljava/lang/String;Lorg/springframework/beans/factory/ObjectFactory;)Ljava/lang/Object;+132
J 2605 c1 org.springframework.beans.factory.support.AbstractBeanFactory.doGetBean(Ljava/lang/String;Ljava/lang/Class;[Ljava/lang/Object;Z)Ljava/lang/Object; (832 bytes) @ 0x000000011413f604 [0x000000011413f020+0x00000000000005e4]
j  org.springframework.beans.factory.support.AbstractBeanFactory.getBean(Ljava/lang/String;)Ljava/lang/Object;+5
j  org.springframework.beans.factory.support.DefaultListableBeanFactory.preInstantiateSingletons()V+248
j  org.springframework.context.support.AbstractApplicationContext.finishBeanFactoryInitialization(Lorg/springframework/beans/factory/config/ConfigurableListableBeanFactory;)V+124
j  org.springframework.context.support.AbstractApplicationContext.refresh()V+86
j  org.springframework.boot.web.servlet.context.ServletWebServerApplicationContext.refresh()V+1
j  org.springframework.boot.SpringApplication.refresh(Lorg/springframework/context/ConfigurableApplicationContext;)V+1
j  org.springframework.boot.SpringApplication.refreshContext(Lorg/springframework/context/ConfigurableApplicationContext;)V+16
j  org.springframework.boot.SpringApplication.run([Ljava/lang/String;)Lorg/springframework/context/ConfigurableApplicationContext;+111
j  org.springframework.boot.SpringApplication.run([Ljava/lang/Class;[Ljava/lang/String;)Lorg/springframework/context/ConfigurableApplicationContext;+9
j  org.springframework.boot.SpringApplication.run(Ljava/lang/Class;[Ljava/lang/String;)Lorg/springframework/context/ConfigurableApplicationContext;+9
j  btlltw.demo.DemoApplication.main([Ljava/lang/String;)V+3
v  ~StubRoutines::call_stub
V  [libjvm.dylib+0x508442]  JavaCalls::call_helper(JavaValue*, methodHandle const&, JavaCallArguments*, Thread*)+0x2d2
V  [libjvm.dylib+0x905e55]  invoke(InstanceKlass*, methodHandle const&, Handle, bool, objArrayHandle, BasicType, objArrayHandle, bool, Thread*)+0xa65
V  [libjvm.dylib+0x905388]  Reflection::invoke_method(oopDesc*, Handle, objArrayHandle, Thread*)+0x158
V  [libjvm.dylib+0x5b9ee7]  JVM_InvokeMethod+0x337
j  jdk.internal.reflect.NativeMethodAccessorImpl.invoke0(Ljava/lang/reflect/Method;Ljava/lang/Object;[Ljava/lang/Object;)Ljava/lang/Object;+0 java.base@16.0.1
j  jdk.internal.reflect.NativeMethodAccessorImpl.invoke(Ljava/lang/Object;[Ljava/lang/Object;)Ljava/lang/Object;+146 java.base@16.0.1
j  jdk.internal.reflect.DelegatingMethodAccessorImpl.invoke(Ljava/lang/Object;[Ljava/lang/Object;)Ljava/lang/Object;+6 java.base@16.0.1
j  java.lang.reflect.Method.invoke(Ljava/lang/Object;[Ljava/lang/Object;)Ljava/lang/Object;+59 java.base@16.0.1
j  org.springframework.boot.devtools.restart.RestartLauncher.run()V+42
v  ~StubRoutines::call_stub
V  [libjvm.dylib+0x508442]  JavaCalls::call_helper(JavaValue*, methodHandle const&, JavaCallArguments*, Thread*)+0x2d2
V  [libjvm.dylib+0x507487]  JavaCalls::call_virtual(JavaValue*, Klass*, Symbol*, Symbol*, JavaCallArguments*, Thread*)+0x147
V  [libjvm.dylib+0x507553]  JavaCalls::call_virtual(JavaValue*, Handle, Klass*, Symbol*, Symbol*, Thread*)+0x63
V  [libjvm.dylib+0x5b5524]  thread_entry(JavaThread*, Thread*)+0xb4
V  [libjvm.dylib+0xa0441d]  JavaThread::thread_main_inner()+0xcd
V  [libjvm.dylib+0xa01d61]  Thread::call_run()+0x71
V  [libjvm.dylib+0x8909f7]  thread_native_entry(Thread*)+0x157
C  [libsystem_pthread.dylib+0x6954]  _pthread_start+0xe0
C  [libsystem_pthread.dylib+0x24a7]  thread_start+0xf

Java frames: (J=compiled Java code, j=interpreted, Vv=VM code)
j  java.lang.NullPointerException.getExtendedNPEMessage()Ljava/lang/String;+0 java.base@16.0.1
j  java.lang.NullPointerException.getMessage()Ljava/lang/String;+23 java.base@16.0.1
j  java.lang.Throwable.getLocalizedMessage()Ljava/lang/String;+1 java.base@16.0.1
j  java.lang.Throwable.toString()Ljava/lang/String;+9 java.base@16.0.1
J 1276 c1 java.lang.StringBuilder.append(Ljava/lang/Object;)Ljava/lang/StringBuilder; java.base@16.0.1 (9 bytes) @ 0x0000000113f2519c [0x0000000113f25140+0x000000000000005c]
j  org.springframework.core.NestedExceptionUtils.buildMessage(Ljava/lang/String;Ljava/lang/Throwable;)Ljava/lang/String;+38
j  org.springframework.core.NestedRuntimeException.getMessage()Ljava/lang/String;+8
j  java.lang.Throwable.getLocalizedMessage()Ljava/lang/String;+1 java.base@16.0.1
j  java.lang.Throwable.toString()Ljava/lang/String;+9 java.base@16.0.1
J 1276 c1 java.lang.StringBuilder.append(Ljava/lang/Object;)Ljava/lang/StringBuilder; java.base@16.0.1 (9 bytes) @ 0x0000000113f2519c [0x0000000113f25140+0x000000000000005c]
j  org.springframework.core.NestedExceptionUtils.buildMessage(Ljava/lang/String;Ljava/lang/Throwable;)Ljava/lang/String;+38
j  org.springframework.core.NestedRuntimeException.getMessage()Ljava/lang/String;+8
J 2605 c1 org.springframework.beans.factory.support.AbstractBeanFactory.doGetBean(Ljava/lang/String;Ljava/lang/Class;[Ljava/lang/Object;Z)Ljava/lang/Object; (832 bytes) @ 0x0000000114140bb4 [0x000000011413f020+0x0000000000001b94]
j  org.springframework.beans.factory.support.AbstractBeanFactory.getBean(Ljava/lang/String;)Ljava/lang/Object;+5
j  org.springframework.beans.factory.config.DependencyDescriptor.resolveCandidate(Ljava/lang/String;Ljava/lang/Class;Lorg/springframework/beans/factory/BeanFactory;)Ljava/lang/Object;+2
j  org.springframework.beans.factory.support.DefaultListableBeanFactory.doResolveDependency(Lorg/springframework/beans/factory/config/DependencyDescriptor;Ljava/lang/String;Ljava/util/Set;Lorg/springframework/beans/TypeConverter;)Ljava/lang/Object;+440
j  org.springframework.beans.factory.support.DefaultListableBeanFactory.resolveDependency(Lorg/springframework/beans/factory/config/DependencyDescriptor;Ljava/lang/String;Ljava/util/Set;Lorg/springframework/beans/TypeConverter;)Ljava/lang/Object;+108
j  org.springframework.beans.factory.support.ConstructorResolver.resolveAutowiredArgument(Lorg/springframework/core/MethodParameter;Ljava/lang/String;Ljava/util/Set;Lorg/springframework/beans/TypeConverter;Z)Ljava/lang/Object;+79
j  org.springframework.beans.factory.support.ConstructorResolver.createArgumentArray(Ljava/lang/String;Lorg/springframework/beans/factory/support/RootBeanDefinition;Lorg/springframework/beans/factory/config/ConstructorArgumentValues;Lorg/springframework/beans/BeanWrapper;[Ljava/lang/Class;[Ljava/lang/String;Ljava/lang/reflect/Executable;ZZ)Lorg/springframework/beans/factory/support/ConstructorResolver$ArgumentsHolder;+434
j  org.springframework.beans.factory.support.ConstructorResolver.instantiateUsingFactoryMethod(Ljava/lang/String;Lorg/springframework/beans/factory/support/RootBeanDefinition;[Ljava/lang/Object;)Lorg/springframework/beans/BeanWrapper;+736
j  org.springframework.beans.factory.support.AbstractAutowireCapableBeanFactory.instantiateUsingFactoryMethod(Ljava/lang/String;Lorg/springframework/beans/factory/support/RootBeanDefinition;[Ljava/lang/Object;)Lorg/springframework/beans/BeanWrapper;+11
j  org.springframework.beans.factory.support.AbstractAutowireCapableBeanFactory.createBeanInstance(Ljava/lang/String;Lorg/springframework/beans/factory/support/RootBeanDefinition;[Ljava/lang/Object;)Lorg/springframework/beans/BeanWrapper;+102
j  org.springframework.beans.factory.support.AbstractAutowireCapableBeanFactory.doCreateBean(Ljava/lang/String;Lorg/springframework/beans/factory/support/RootBeanDefinition;[Ljava/lang/Object;)Ljava/lang/Object;+34
j  org.springframework.beans.factory.support.AbstractAutowireCapableBeanFactory.createBean(Ljava/lang/String;Lorg/springframework/beans/factory/support/RootBeanDefinition;[Ljava/lang/Object;)Ljava/lang/Object;+169
j  org.springframework.beans.factory.support.AbstractBeanFactory.lambda$doGetBean$0(Ljava/lang/String;Lorg/springframework/beans/factory/support/RootBeanDefinition;[Ljava/lang/Object;)Ljava/lang/Object;+4
j  org.springframework.beans.factory.support.AbstractBeanFactory$$Lambda$298+0x0000000800da2468.getObject()Ljava/lang/Object;+16
j  org.springframework.beans.factory.support.DefaultSingletonBeanRegistry.getSingleton(Ljava/lang/String;Lorg/springframework/beans/factory/ObjectFactory;)Ljava/lang/Object;+132
J 2605 c1 org.springframework.beans.factory.support.AbstractBeanFactory.doGetBean(Ljava/lang/String;Ljava/lang/Class;[Ljava/lang/Object;Z)Ljava/lang/Object; (832 bytes) @ 0x000000011413f604 [0x000000011413f020+0x00000000000005e4]
j  org.springframework.beans.factory.support.AbstractBeanFactory.getBean(Ljava/lang/String;)Ljava/lang/Object;+5
j  org.springframework.beans.factory.support.DefaultListableBeanFactory.preInstantiateSingletons()V+248
j  org.springframework.context.support.AbstractApplicationContext.finishBeanFactoryInitialization(Lorg/springframework/beans/factory/config/ConfigurableListableBeanFactory;)V+124
j  org.springframework.context.support.AbstractApplicationContext.refresh()V+86
j  org.springframework.boot.web.servlet.context.ServletWebServerApplicationContext.refresh()V+1
j  org.springframework.boot.SpringApplication.refresh(Lorg/springframework/context/ConfigurableApplicationContext;)V+1
j  org.springframework.boot.SpringApplication.refreshContext(Lorg/springframework/context/ConfigurableApplicationContext;)V+16
j  org.springframework.boot.SpringApplication.run([Ljava/lang/String;)Lorg/springframework/context/ConfigurableApplicationContext;+111
j  org.springframework.boot.SpringApplication.run([Ljava/lang/Class;[Ljava/lang/String;)Lorg/springframework/context/ConfigurableApplicationContext;+9
j  org.springframework.boot.SpringApplication.run(Ljava/lang/Class;[Ljava/lang/String;)Lorg/springframework/context/ConfigurableApplicationContext;+9
j  btlltw.demo.DemoApplication.main([Ljava/lang/String;)V+3
v  ~StubRoutines::call_stub
j  jdk.internal.reflect.NativeMethodAccessorImpl.invoke0(Ljava/lang/reflect/Method;Ljava/lang/Object;[Ljava/lang/Object;)Ljava/lang/Object;+0 java.base@16.0.1
j  jdk.internal.reflect.NativeMethodAccessorImpl.invoke(Ljava/lang/Object;[Ljava/lang/Object;)Ljava/lang/Object;+146 java.base@16.0.1
j  jdk.internal.reflect.DelegatingMethodAccessorImpl.invoke(Ljava/lang/Object;[Ljava/lang/Object;)Ljava/lang/Object;+6 java.base@16.0.1
j  java.lang.reflect.Method.invoke(Ljava/lang/Object;[Ljava/lang/Object;)Ljava/lang/Object;+59 java.base@16.0.1
j  org.springframework.boot.devtools.restart.RestartLauncher.run()V+42
v  ~StubRoutines::call_stub

siginfo: si_signo: 11 (SIGSEGV), si_code: 1 (SEGV_MAPERR), si_addr: 0x0000000000000004

Register to memory mapping:

RAX=0x0 is NULL
RBX=0x0 is NULL
RCX=0x0000000000188520 is an unknown value
RDX=0x0 is NULL
RSP=0x000070000367faf0 is pointing into the stack for thread: 0x00007fcad48db800
RBP=0x000070000367fb10 is pointing into the stack for thread: 0x00007fcad48db800
RSI=0x000000000000136f is an unknown value
RDI=0x0 is NULL
R8 =0x0000000000002cbe is an unknown value
R9 =0x0000000000002cbf is an unknown value
R10=0x00000000bfffffff is an unknown value
R11=0x0 is NULL
R12=0x0000000000000001 is an unknown value
R13={method} {0x000000012e77fbb0} 'byDefaultProvider' '()Ljavax/validation/bootstrap/GenericBootstrap;' in 'javax/validation/Validation'
R14=0x000070000367fbe0 is pointing into the stack for thread: 0x00007fcad48db800
R15=0x000070000367fb68 is pointing into the stack for thread: 0x00007fcad48db800


Registers:
RAX=0x0000000000000000, RBX=0x0000000000000000, RCX=0x0000000000188520, RDX=0x0000000000000000
RSP=0x000070000367faf0, RBP=0x000070000367fb10, RSI=0x000000000000136f, RDI=0x0000000000000000
R8 =0x0000000000002cbe, R9 =0x0000000000002cbf, R10=0x00000000bfffffff, R11=0x0000000000000000
R12=0x0000000000000001, R13=0x000000012e77fbb0, R14=0x000070000367fbe0, R15=0x000070000367fb68
RIP=0x000000010b9b240d, EFLAGS=0x0000000000010202, ERR=0x0000000000000004
  TRAPNO=0x000000000000000e

Top of Stack: (sp=0x000070000367faf0)
0x000070000367faf0:   0000000000000000 000000012e77f8c0
0x000070000367fb00:   000070000367fbe0 000070000367fb68
0x000070000367fb10:   000070000367fb50 000000010b1ce5db
0x000070000367fb20:   0000000000000000 0000000000000000
0x000070000367fb30:   000070000367fbe0 00007fcad449e8c0
0x000070000367fb40:   000070000367fb68 0000000000000000
0x000070000367fb50:   000070000367fbd0 000000010b1ce966
0x000070000367fb60:   000070000367fbb0 00007fcad449ebc0
0x000070000367fb70:   000000012e77fbb0 0000010000000000
0x000070000367fb80:   00007fcad449ebb0 00007fcad449ebc0
0x000070000367fb90:   00007fca00000000 00007fcad449ef98
0x000070000367fba0:   00000000000003d8 000070000367fbe0
0x000070000367fbb0:   0000000000000000 00000008006239e0
0x000070000367fbc0:   000070000367fce8 00007fcad48db800
0x000070000367fbd0:   000070000367fc60 000000010b5a4160
0x000070000367fbe0:   000000010bc45bd8 0000005000000000
0x000070000367fbf0:   0000000000000000 0000000000000000
0x000070000367fc00:   0000000000000000 0000000000000000
0x000070000367fc10:   0000000000000000 00007fcad78310a0
0x000070000367fc20:   0000000000000000 0000000000000100
0x000070000367fc30:   00007fcad449eb00 000000012e77fbb0
0x000070000367fc40:   000000000367fce8 0000000800080008
0x000070000367fc50:   000070000367fce8 00007fcad48db800
0x000070000367fc60:   000070000367fcc8 00000001136b8c7b
0x000070000367fc70:   0000000800034420 00000001136b8996
0x000070000367fc80:   000070000367fc80 00000008006239e0
0x000070000367fc90:   000070000367fce8 000000080037c238
0x000070000367fca0:   0000000000000000 00000007bfd04528
0x000070000367fcb0:   0000000800080008 0000000000000000
0x000070000367fcc0:   000070000367fce8 000070000367fd50
0x000070000367fcd0:   00000001136b4252 0000000000000000
0x000070000367fce0:   00000001136b639b 00000007028f83f0 

Instructions: (pc=0x000000010b9b240d)
0x000000010b9b230d:   c2 7c f0 eb 03 45 31 c0 42 c6 04 00 00 5d c3 4c
0x000000010b9b231d:   89 c2 48 83 e2 e0 48 8d 72 e0 48 89 f1 48 c1 e9
0x000000010b9b232d:   05 48 ff c1 41 89 c9 41 83 e1 03 48 83 fe 60 73
0x000000010b9b233d:   0c 31 c9 4d 85 c9 75 79 e9 a2 00 00 00 be 01 00
0x000000010b9b234d:   00 00 48 29 ce 49 8d 74 31 ff 31 c9 0f 1f 80 00
0x000000010b9b235d:   00 00 00 0f 10 44 0f 06 0f 10 4c 0f 16 0f 11 04
0x000000010b9b236d:   08 0f 11 4c 08 10 0f 10 44 0f 26 0f 10 4c 0f 36
0x000000010b9b237d:   0f 11 44 08 20 0f 11 4c 08 30 0f 10 44 0f 46 0f
0x000000010b9b238d:   10 4c 0f 56 0f 11 44 08 40 0f 11 4c 08 50 0f 10
0x000000010b9b239d:   44 0f 66 0f 10 4c 0f 76 0f 11 44 08 60 0f 11 4c
0x000000010b9b23ad:   08 70 48 83 e9 80 48 83 c6 04 75 a7 4d 85 c9 74
0x000000010b9b23bd:   2e 49 f7 d9 66 2e 0f 1f 84 00 00 00 00 00 0f 1f
0x000000010b9b23cd:   44 00 00 0f 10 44 0f 06 0f 10 4c 0f 16 0f 11 04
0x000000010b9b23dd:   08 0f 11 4c 08 10 48 83 c1 20 49 ff c1 75 e4 4c
0x000000010b9b23ed:   39 c2 0f 85 0b ff ff ff e9 1b ff ff ff 66 0f 1f
0x000000010b9b23fd:   44 00 00 55 48 89 e5 41 57 41 56 53 50 48 89 fb
0x000000010b9b240d:   44 0f b7 7f 04 49 8d 7f 01 45 31 f6 31 f6 e8 f0
0x000000010b9b241d:   47 f6 ff 0f b7 4b 04 41 39 cf 41 0f 42 cf 85 c9
0x000000010b9b242d:   0f 8e 3d 01 00 00 41 89 ce 83 f9 01 b9 01 00 00
0x000000010b9b243d:   00 41 b8 01 00 00 00 4d 0f 47 c6 49 83 f8 20 73
0x000000010b9b244d:   07 31 c9 e9 0b 01 00 00 49 83 fe 01 49 0f 47 ce
0x000000010b9b245d:   48 8d 54 0b 06 48 39 d0 73 16 48 89 c2 48 01 ca
0x000000010b9b246d:   48 8d 4b 06 48 39 d1 73 07 31 c9 e9 e3 00 00 00
0x000000010b9b247d:   44 89 c1 83 e1 e0 48 8d 79 e0 48 89 fa 48 c1 ea
0x000000010b9b248d:   05 48 ff c2 89 d6 83 e6 03 48 83 ff 60 73 0c 31
0x000000010b9b249d:   ff 48 85 f6 75 7b e9 a4 00 00 00 bf 01 00 00 00
0x000000010b9b24ad:   48 29 d7 48 8d 54 3e ff 31 ff 66 0f 1f 84 00 00
0x000000010b9b24bd:   00 00 00 0f 10 44 3b 06 0f 10 4c 3b 16 0f 11 04
0x000000010b9b24cd:   38 0f 11 4c 38 10 0f 10 44 3b 26 0f 10 4c 3b 36
0x000000010b9b24dd:   0f 11 44 38 20 0f 11 4c 38 30 0f 10 44 3b 46 0f
0x000000010b9b24ed:   10 4c 3b 56 0f 11 44 38 40 0f 11 4c 38 50 0f 10
0x000000010b9b24fd:   44 3b 66 0f 10 4c 3b 76 0f 11 44 38 60 0f 11 4c 


Stack slot to memory mapping:
stack at sp + 0 slots: 0x0 is NULL
stack at sp + 1 slots: 0x000000012e77f8c0 is pointing into metadata
stack at sp + 2 slots: 0x000070000367fbe0 is pointing into the stack for thread: 0x00007fcad48db800
stack at sp + 3 slots: 0x000070000367fb68 is pointing into the stack for thread: 0x00007fcad48db800
stack at sp + 4 slots: 0x000070000367fb50 is pointing into the stack for thread: 0x00007fcad48db800
stack at sp + 5 slots: 0x000000010b1ce5db: _ZN23ExceptionMessageBuilder23print_NPE_failed_actionEP12outputStreami+0x1fb in /Library/Java/JavaVirtualMachines/jdk-16.0.1.jdk/Contents/Home/lib/server/libjvm.dylib at 0x000000010b000000
stack at sp + 6 slots: 0x0 is NULL
stack at sp + 7 slots: 0x0 is NULL


---------------  P R O C E S S  ---------------

Threads class SMR info:
_java_thread_list=0x00007fcad4737f00, length=16, elements={
0x00007fcad480d800, 0x00007fcad5825a00, 0x00007fcad48dbe00, 0x00007fcad5016e00,
0x00007fcad501c000, 0x00007fcad48e0400, 0x00007fcad501a600, 0x00007fcad48e0a00,
0x00007fcad6008200, 0x00007fcad48daa00, 0x00007fcad49d3a00, 0x00007fcad48db800,
0x00007fcad4ae0600, 0x00007fcad49f7000, 0x00007fcad5135600, 0x00007fcad4b30e00
}

Java Threads: ( => current thread )
  0x00007fcad480d800 JavaThread "main" [_thread_blocked, id=6147, stack(0x0000700001f3d000,0x000070000203d000)]
  0x00007fcad5825a00 JavaThread "Reference Handler" daemon [_thread_blocked, id=17411, stack(0x0000700002652000,0x0000700002752000)]
  0x00007fcad48dbe00 JavaThread "Finalizer" daemon [_thread_blocked, id=15619, stack(0x0000700002755000,0x0000700002855000)]
  0x00007fcad5016e00 JavaThread "Signal Dispatcher" daemon [_thread_blocked, id=43011, stack(0x000070000295e000,0x0000700002a5e000)]
  0x00007fcad501c000 JavaThread "Service Thread" daemon [_thread_blocked, id=23043, stack(0x0000700002a61000,0x0000700002b61000)]
  0x00007fcad48e0400 JavaThread "Monitor Deflation Thread" daemon [_thread_blocked, id=42499, stack(0x0000700002b64000,0x0000700002c64000)]
  0x00007fcad501a600 JavaThread "C1 CompilerThread0" daemon [_thread_blocked, id=23555, stack(0x0000700002c67000,0x0000700002d67000)]
  0x00007fcad48e0a00 JavaThread "Sweeper thread" daemon [_thread_blocked, id=24067, stack(0x0000700002d6a000,0x0000700002e6a000)]
  0x00007fcad6008200 JavaThread "Notification Thread" daemon [_thread_blocked, id=41987, stack(0x0000700002e6d000,0x0000700002f6d000)]
  0x00007fcad48daa00 JavaThread "Common-Cleaner" daemon [_thread_blocked, id=41475, stack(0x0000700003073000,0x0000700003173000)]
  0x00007fcad49d3a00 JavaThread "Thread-0" [_thread_blocked, id=40451, stack(0x000070000347f000,0x000070000357f000)]
=>0x00007fcad48db800 JavaThread "restartedMain" [_thread_in_vm, id=39939, stack(0x0000700003582000,0x0000700003682000)]
  0x00007fcad4ae0600 JavaThread "mysql-cj-abandoned-connection-cleanup" daemon [_thread_blocked, id=22035, stack(0x0000700003685000,0x0000700003785000)]
  0x00007fcad49f7000 JavaThread "Catalina-utility-1" [_thread_blocked, id=26115, stack(0x0000700003788000,0x0000700003888000)]
  0x00007fcad5135600 JavaThread "Catalina-utility-2" [_thread_blocked, id=38915, stack(0x000070000388b000,0x000070000398b000)]
  0x00007fcad4b30e00 JavaThread "container-0" [_thread_blocked, id=26627, stack(0x000070000398e000,0x0000700003a8e000)]

Other Threads:
  0x00007fcad4511cc0 VMThread "VM Thread" [stack: 0x000070000254f000,0x000070000264f000] [id=17667]
  0x00007fcad451e640 WatcherThread [stack: 0x0000700002f70000,0x0000700003070000] [id=41731]
  0x00007fcad460caf0 GCTaskThread "GC Thread#0" [stack: 0x0000700002040000,0x0000700002140000] [id=11779]
  0x00007fcad4638180 GCTaskThread "GC Thread#1" [stack: 0x0000700003176000,0x0000700003276000] [id=41219]
  0x00007fcad4552540 GCTaskThread "GC Thread#2" [stack: 0x0000700003279000,0x0000700003379000] [id=25347]
  0x00007fcad472e5c0 GCTaskThread "GC Thread#3" [stack: 0x000070000337c000,0x000070000347c000] [id=25603]
  0x00007fcad441ac80 ConcurrentGCThread "G1 Main Marker" [stack: 0x0000700002143000,0x0000700002243000] [id=12291]
  0x00007fcad441bb10 ConcurrentGCThread "G1 Conc#0" [stack: 0x0000700002246000,0x0000700002346000] [id=13059]
  0x00007fcad44371f0 ConcurrentGCThread "G1 Refine#0" [stack: 0x0000700002349000,0x0000700002449000] [id=18691]
  0x00007fcad460d560 ConcurrentGCThread "G1 Service" [stack: 0x000070000244c000,0x000070000254c000] [id=13571]

Threads with active compile tasks:

VM state: not at safepoint (normal execution)

VM Mutex/Monitor currently owned by a thread: None

Heap address: 0x0000000700000000, size: 4096 MB, Compressed Oops mode: Zero based, Oop shift amount: 3

CDS archive(s) mapped at: [0x0000000800000000-0x0000000800bbb000-0x0000000800bbb000), size 12300288, SharedBaseAddress: 0x0000000800000000, ArchiveRelocationMode: 0.
Compressed class space mapped at: 0x0000000800c00000-0x0000000840c00000, reserved size: 1073741824
Narrow klass base: 0x0000000800000000, Narrow klass shift: 3, Narrow klass range: 0x100000000

GC Precious Log:
 CPUs: 4 total, 4 available
 Memory: 16384M
 Large Page Support: Disabled
 NUMA Support: Disabled
 Compressed Oops: Enabled (Zero based)
 Heap Region Size: 2M
 Heap Min Capacity: 8M
 Heap Initial Capacity: 256M
 Heap Max Capacity: 4G
 Pre-touch: Disabled
 Parallel Workers: 4
 Concurrent Workers: 1
 Concurrent Refinement Workers: 4
 Periodic GC: Disabled

Heap:
 garbage-first heap   total 69632K, used 37681K [0x0000000700000000, 0x0000000800000000)
  region size 2048K, 13 young (26624K), 1 survivors (2048K)
 Metaspace       used 25960K, committed 26304K, reserved 1073152K
  class space    used 3502K, committed 3712K, reserved 1048576K

Heap Regions: E=young(eden), S=young(survivor), O=old, HS=humongous(starts), HC=humongous(continues), CS=collection set, F=free, OA=open archive, CA=closed archive, TAMS=top-at-mark-start (previous, next)
|   0|0x0000000700000000, 0x0000000700200000, 0x0000000700200000|100%| O|  |TAMS 0x0000000700200000, 0x0000000700000000| Untracked 
|   1|0x0000000700200000, 0x0000000700400000, 0x0000000700400000|100%| O|  |TAMS 0x0000000700400000, 0x0000000700200000| Untracked 
|   2|0x0000000700400000, 0x000000070043f000, 0x0000000700600000| 12%| O|  |TAMS 0x000000070043f000, 0x0000000700400000| Untracked 
|   3|0x0000000700600000, 0x0000000700800000, 0x0000000700800000|100%| O|  |TAMS 0x0000000700600000, 0x0000000700600000| Untracked 
|   4|0x0000000700800000, 0x0000000700a00000, 0x0000000700a00000|100%| O|  |TAMS 0x0000000700800000, 0x0000000700800000| Untracked 
|   5|0x0000000700a00000, 0x0000000700c00000, 0x0000000700c00000|100%| O|  |TAMS 0x0000000700a00000, 0x0000000700a00000| Untracked 
|   6|0x0000000700c00000, 0x0000000700d00200, 0x0000000700e00000| 50%| O|  |TAMS 0x0000000700c00000, 0x0000000700c00000| Untracked 
|   7|0x0000000700e00000, 0x0000000700e00000, 0x0000000701000000|  0%| F|  |TAMS 0x0000000700e00000, 0x0000000700e00000| Untracked 
|   8|0x0000000701000000, 0x0000000701000000, 0x0000000701200000|  0%| F|  |TAMS 0x0000000701000000, 0x0000000701000000| Untracked 
|   9|0x0000000701200000, 0x0000000701200000, 0x0000000701400000|  0%| F|  |TAMS 0x0000000701200000, 0x0000000701200000| Untracked 
|  10|0x0000000701400000, 0x0000000701400000, 0x0000000701600000|  0%| F|  |TAMS 0x0000000701400000, 0x0000000701400000| Untracked 
|  11|0x0000000701600000, 0x000000070179b510, 0x0000000701800000| 80%| S|CS|TAMS 0x0000000701600000, 0x0000000701600000| Complete 
|  12|0x0000000701800000, 0x0000000701800000, 0x0000000701a00000|  0%| F|  |TAMS 0x0000000701800000, 0x0000000701800000| Untracked 
|  13|0x0000000701a00000, 0x0000000701a00000, 0x0000000701c00000|  0%| F|  |TAMS 0x0000000701a00000, 0x0000000701a00000| Untracked 
|  14|0x0000000701c00000, 0x0000000701c00000, 0x0000000701e00000|  0%| F|  |TAMS 0x0000000701c00000, 0x0000000701c00000| Untracked 
|  15|0x0000000701e00000, 0x0000000701e00000, 0x0000000702000000|  0%| F|  |TAMS 0x0000000701e00000, 0x0000000701e00000| Untracked 
|  16|0x0000000702000000, 0x0000000702000000, 0x0000000702200000|  0%| F|  |TAMS 0x0000000702000000, 0x0000000702000000| Untracked 
|  17|0x0000000702200000, 0x0000000702200000, 0x0000000702400000|  0%| F|  |TAMS 0x0000000702200000, 0x0000000702200000| Untracked 
|  18|0x0000000702400000, 0x0000000702400000, 0x0000000702600000|  0%| F|  |TAMS 0x0000000702400000, 0x0000000702400000| Untracked 
|  19|0x0000000702600000, 0x0000000702600000, 0x0000000702800000|  0%| F|  |TAMS 0x0000000702600000, 0x0000000702600000| Untracked 
|  20|0x0000000702800000, 0x000000070294a428, 0x0000000702a00000| 64%| E|  |TAMS 0x0000000702800000, 0x0000000702800000| Complete 
|  21|0x0000000702a00000, 0x0000000702c00000, 0x0000000702c00000|100%| E|CS|TAMS 0x0000000702a00000, 0x0000000702a00000| Complete 
|  22|0x0000000702c00000, 0x0000000702e00000, 0x0000000702e00000|100%| E|CS|TAMS 0x0000000702c00000, 0x0000000702c00000| Complete 
|  23|0x0000000702e00000, 0x0000000703000000, 0x0000000703000000|100%| E|CS|TAMS 0x0000000702e00000, 0x0000000702e00000| Complete 
|  24|0x0000000703000000, 0x0000000703200000, 0x0000000703200000|100%| E|CS|TAMS 0x0000000703000000, 0x0000000703000000| Complete 
|  25|0x0000000703200000, 0x0000000703400000, 0x0000000703400000|100%| E|CS|TAMS 0x0000000703200000, 0x0000000703200000| Complete 
|  26|0x0000000703400000, 0x0000000703600000, 0x0000000703600000|100%| E|CS|TAMS 0x0000000703400000, 0x0000000703400000| Complete 
|  58|0x0000000707400000, 0x0000000707600000, 0x0000000707600000|100%| E|CS|TAMS 0x0000000707400000, 0x0000000707400000| Complete 
|  59|0x0000000707600000, 0x0000000707800000, 0x0000000707800000|100%| E|CS|TAMS 0x0000000707600000, 0x0000000707600000| Complete 
|  60|0x0000000707800000, 0x0000000707a00000, 0x0000000707a00000|100%| E|CS|TAMS 0x0000000707800000, 0x0000000707800000| Complete 
|  61|0x0000000707a00000, 0x0000000707c00000, 0x0000000707c00000|100%| E|CS|TAMS 0x0000000707a00000, 0x0000000707a00000| Complete 
| 127|0x000000070fe00000, 0x0000000710000000, 0x0000000710000000|100%| E|CS|TAMS 0x000000070fe00000, 0x000000070fe00000| Complete 
|1534|0x00000007bfc00000, 0x00000007bfd75000, 0x00000007bfe00000| 72%|OA|  |TAMS 0x00000007bfd75000, 0x00000007bfc00000| Untracked 
|1535|0x00000007bfe00000, 0x00000007bfe7d000, 0x00000007c0000000| 24%|CA|  |TAMS 0x00000007bfe7d000, 0x00000007bfe00000| Untracked 

Card table byte_map: [0x0000000122eab000,0x00000001236ab000] _byte_map_base: 0x000000011f6ab000

Marking Bits (Prev, Next): (CMBitMap*) 0x00007fcad4813450, (CMBitMap*) 0x00007fcad4813410
 Prev Bits: [0x0000000127eab000, 0x000000012beab000)
 Next Bits: [0x0000000123eab000, 0x0000000127eab000)

Polling page: 0x0000000108398000

Metaspace:

Usage:
  Non-class:     21.93 MB used.
      Class:      3.42 MB used.
       Both:     25.35 MB used.

Virtual space:
  Non-class space:       24.00 MB reserved,      22.06 MB ( 92%) committed,  3 nodes.
      Class space:        1.00 GB reserved,       3.62 MB ( <1%) committed,  1 nodes.
              Both:        1.02 GB reserved,      25.69 MB (  2%) committed. 

Chunk freelists:
   Non-Class:  1.33 MB
       Class:  368.00 KB
        Both:  1.69 MB

MaxMetaspaceSize: 17179869184.00 GB
CompressedClassSpaceSize: 1.00 GB
 - commit_granule_bytes: 65536.
 - commit_granule_words: 8192.
 - virtual_space_node_default_size: 1048576.
 - enlarge_chunks_in_place: 1.
 - new_chunks_are_fully_committed: 0.
 - uncommit_free_chunks: 1.
 - use_allocation_guard: 0.
 - handle_deallocations: 1.


Internal statistics:

num_allocs_failed_limit: 3.
num_arena_births: 330.
num_arena_deaths: 0.
num_vsnodes_births: 4.
num_vsnodes_deaths: 0.
num_space_committed: 411.
num_space_uncommitted: 0.
num_chunks_returned_to_freelist: 3.
num_chunks_taken_from_freelist: 1288.
num_chunk_merges: 0.
num_chunk_splits: 845.
num_chunks_enlarged: 610.
num_purges: 0.

CodeHeap 'non-profiled nmethods': size=238948Kb used=5736Kb max_used=5736Kb free=233211Kb
 bounds [0x0000000113d52000, 0x00000001142f2000, 0x00000001226ab000]
CodeHeap 'non-nmethods': size=6812Kb used=1215Kb max_used=1215Kb free=5596Kb
 bounds [0x00000001136ab000, 0x000000011391b000, 0x0000000113d52000]
 total_blobs=4088 nmethods=3567 adapters=449
 compilation: enabled
              stopped_count=0, restarted_count=0
 full_count=0

Compilation events (20 events):
Event: 9.679 Thread 0x00007fcad501a600 3558       1       org.springframework.core.annotation.AnnotatedElementUtils::findAnnotations (11 bytes)
Event: 9.679 Thread 0x00007fcad501a600 nmethod 3558 0x00000001142e8d90 code [0x00000001142e8f60, 0x00000001142e91e0]
Event: 9.679 Thread 0x00007fcad501a600 3560       1       java.lang.reflect.ProxyGenerator$ProxyMethod::<init> (44 bytes)
Event: 9.679 Thread 0x00007fcad501a600 nmethod 3560 0x00000001142e9390 code [0x00000001142e9540, 0x00000001142e98d0]
Event: 9.679 Thread 0x00007fcad501a600 3559       1       java.lang.Module::getName (5 bytes)
Event: 9.680 Thread 0x00007fcad501a600 nmethod 3559 0x00000001142e9990 code [0x00000001142e9b20, 0x00000001142e9bf0]
Event: 9.680 Thread 0x00007fcad501a600 3561       1       java.util.HashSet::clear (8 bytes)
Event: 9.680 Thread 0x00007fcad501a600 nmethod 3561 0x00000001142e9c90 code [0x00000001142e9e40, 0x00000001142e9f20]
Event: 9.681 Thread 0x00007fcad501a600 3562       1       java.util.LinkedHashMap$LinkedEntrySet::iterator (12 bytes)
Event: 9.681 Thread 0x00007fcad501a600 nmethod 3562 0x00000001142e9f90 code [0x00000001142ea140, 0x00000001142ea3b0]
Event: 9.681 Thread 0x00007fcad501a600 3564   !   1       jdk.internal.reflect.GeneratedMethodAccessor8::invoke (63 bytes)
Event: 9.682 Thread 0x00007fcad501a600 nmethod 3564 0x00000001142ea490 code [0x00000001142ea6a0, 0x00000001142eaaf0]
Event: 9.682 Thread 0x00007fcad501a600 3563       1       java.util.LinkedHashMap$LinkedEntryIterator::<init> (11 bytes)
Event: 9.682 Thread 0x00007fcad501a600 nmethod 3563 0x00000001142eae10 code [0x00000001142eafc0, 0x00000001142eb1f0]
Event: 9.690 Thread 0x00007fcad501a600 3565       1       org.springframework.context.annotation.ConfigurationClassBeanDefinitionReader$ConfigurationClassBeanDefinition::cloneBeanDefinition (5 bytes)
Event: 9.690 Thread 0x00007fcad501a600 nmethod 3565 0x00000001142eb290 code [0x00000001142eb440, 0x00000001142eb700]
Event: 9.690 Thread 0x00007fcad501a600 3566       1       org.springframework.context.annotation.ConfigurationClassBeanDefinitionReader$ConfigurationClassBeanDefinition::cloneBeanDefinition (9 bytes)
Event: 9.690 Thread 0x00007fcad501a600 nmethod 3566 0x00000001142eb810 code [0x00000001142eb9c0, 0x00000001142ebc80]
Event: 9.690 Thread 0x00007fcad501a600 3567       1       org.springframework.context.annotation.ConfigurationClassBeanDefinitionReader$ConfigurationClassBeanDefinition::<init> (30 bytes)
Event: 9.690 Thread 0x00007fcad501a600 nmethod 3567 0x00000001142ebd90 code [0x00000001142ebf40, 0x00000001142ec1a0]

GC Heap History (10 events):
Event: 0.588 GC heap before
{Heap before GC invocations=0 (full 0):
 garbage-first heap   total 266240K, used 14280K [0x0000000700000000, 0x0000000800000000)
  region size 2048K, 6 young (12288K), 0 survivors (0K)
 Metaspace       used 2614K, committed 2816K, reserved 1056768K
  class space    used 281K, committed 384K, reserved 1048576K
}
Event: 0.594 GC heap after
{Heap after GC invocations=1 (full 0):
 garbage-first heap   total 266240K, used 6266K [0x0000000700000000, 0x0000000800000000)
  region size 2048K, 1 young (2048K), 1 survivors (2048K)
 Metaspace       used 2614K, committed 2816K, reserved 1056768K
  class space    used 281K, committed 384K, reserved 1048576K
}
Event: 0.711 GC heap before
{Heap before GC invocations=1 (full 0):
 garbage-first heap   total 266240K, used 14458K [0x0000000700000000, 0x0000000800000000)
  region size 2048K, 6 young (12288K), 1 survivors (2048K)
 Metaspace       used 3536K, committed 3712K, reserved 1056768K
  class space    used 414K, committed 512K, reserved 1048576K
}
Event: 0.713 GC heap after
{Heap after GC invocations=2 (full 0):
 garbage-first heap   total 266240K, used 6734K [0x0000000700000000, 0x0000000800000000)
  region size 2048K, 1 young (2048K), 1 survivors (2048K)
 Metaspace       used 3536K, committed 3712K, reserved 1056768K
  class space    used 414K, committed 512K, reserved 1048576K
}
Event: 0.957 GC heap before
{Heap before GC invocations=2 (full 0):
 garbage-first heap   total 266240K, used 25166K [0x0000000700000000, 0x0000000800000000)
  region size 2048K, 11 young (22528K), 1 survivors (2048K)
 Metaspace       used 4962K, committed 5120K, reserved 1056768K
  class space    used 628K, committed 704K, reserved 1048576K
}
Event: 0.959 GC heap after
{Heap after GC invocations=3 (full 0):
 garbage-first heap   total 266240K, used 7105K [0x0000000700000000, 0x0000000800000000)
  region size 2048K, 1 young (2048K), 1 survivors (2048K)
 Metaspace       used 4962K, committed 5120K, reserved 1056768K
  class space    used 628K, committed 704K, reserved 1048576K
}
Event: 8.566 GC heap before
{Heap before GC invocations=3 (full 0):
 garbage-first heap   total 266240K, used 136129K [0x0000000700000000, 0x0000000800000000)
  region size 2048K, 66 young (135168K), 1 survivors (2048K)
 Metaspace       used 21004K, committed 21248K, reserved 1073152K
  class space    used 2855K, committed 2944K, reserved 1048576K
}
Event: 8.593 GC heap after
{Heap after GC invocations=4 (full 0):
 garbage-first heap   total 266240K, used 13669K [0x0000000700000000, 0x0000000800000000)
  region size 2048K, 4 young (8192K), 4 survivors (8192K)
 Metaspace       used 21004K, committed 21248K, reserved 1073152K
  class space    used 2855K, committed 2944K, reserved 1048576K
}
Event: 9.059 GC heap before
{Heap before GC invocations=5 (full 0):
 garbage-first heap   total 69632K, used 44389K [0x0000000700000000, 0x0000000800000000)
  region size 2048K, 20 young (40960K), 4 survivors (8192K)
 Metaspace       used 21919K, committed 22208K, reserved 1073152K
  class space    used 2982K, committed 3136K, reserved 1048576K
}
Event: 9.074 GC heap after
{Heap after GC invocations=6 (full 0):
 garbage-first heap   total 69632K, used 15153K [0x0000000700000000, 0x0000000800000000)
  region size 2048K, 1 young (2048K), 1 survivors (2048K)
 Metaspace       used 21919K, committed 22208K, reserved 1073152K
  class space    used 2982K, committed 3136K, reserved 1048576K
}

Deoptimization events (4 events):
Event: 9.340 Thread 0x00007fcad49f7000 DEOPT PACKING pc=0x0000000114048396 sp=0x00007000038876b0
Event: 9.340 Thread 0x00007fcad49f7000 DEOPT UNPACKING pc=0x00000001136f8bba sp=0x0000700003886b28 mode 3
Event: 9.340 Thread 0x00007fcad5135600 DEOPT PACKING pc=0x0000000113fa8301 sp=0x000070000398a6a0
Event: 9.340 Thread 0x00007fcad5135600 DEOPT UNPACKING pc=0x00000001136f8bba sp=0x0000700003989b58 mode 3

Classes unloaded (0 events):
No events

Classes redefined (0 events):
No events

Internal exceptions (20 events):
Event: 8.980 Thread 0x00007fcad48db800 Exception <a 'java/lang/ClassNotFoundException'{0x0000000701bb5388}: org/springframework/context/ResourceLoaderAwareCustomizer> (0x0000000701bb5388) 
thrown [./open/src/hotspot/share/classfile/systemDictionary.cpp, line 256]
Event: 8.981 Thread 0x00007fcad48db800 Exception <a 'java/lang/ClassNotFoundException'{0x0000000701bbe0c0}: org/springframework/beans/factory/AwareCustomizer> (0x0000000701bbe0c0) 
thrown [./open/src/hotspot/share/classfile/systemDictionary.cpp, line 256]
Event: 8.982 Thread 0x00007fcad48db800 Exception <a 'java/lang/ClassNotFoundException'{0x0000000701bc6588}: org/springframework/context/ApplicationContextAwareCustomizer> (0x0000000701bc6588) 
thrown [./open/src/hotspot/share/classfile/systemDictionary.cpp, line 256]
Event: 8.983 Thread 0x00007fcad48db800 Exception <a 'java/lang/ClassNotFoundException'{0x0000000701bcfe90}: org/springframework/beans/factory/AwareCustomizer> (0x0000000701bcfe90) 
thrown [./open/src/hotspot/share/classfile/systemDictionary.cpp, line 256]
Event: 8.986 Thread 0x00007fcad48db800 Exception <a 'java/lang/ClassNotFoundException'{0x0000000701bd8330}: org/springframework/web/context/ServletContextAwareCustomizer> (0x0000000701bd8330) 
thrown [./open/src/hotspot/share/classfile/systemDictionary.cpp, line 256]
Event: 8.989 Thread 0x00007fcad48db800 Exception <a 'java/lang/ClassNotFoundException'{0x0000000701be14c0}: org/springframework/beans/factory/AwareCustomizer> (0x0000000701be14c0) 
thrown [./open/src/hotspot/share/classfile/systemDictionary.cpp, line 256]
Event: 9.330 Thread 0x00007fcad48db800 Exception <a 'java/io/FileNotFoundException'{0x00000007074dd168}> (0x00000007074dd168) 
thrown [./open/src/hotspot/share/prims/jni.cpp, line 579]
Event: 9.365 Thread 0x00007fcad48db800 Exception <a 'sun/nio/fs/UnixException'{0x00000007034b5320}> (0x00000007034b5320) 
thrown [./open/src/hotspot/share/prims/jni.cpp, line 579]
Event: 9.385 Thread 0x00007fcad48db800 Exception <a 'java/io/FileNotFoundException'{0x00000007035683d0}> (0x00000007035683d0) 
thrown [./open/src/hotspot/share/prims/jni.cpp, line 579]
Event: 9.385 Thread 0x00007fcad48db800 Exception <a 'java/io/FileNotFoundException'{0x0000000703568e78}> (0x0000000703568e78) 
thrown [./open/src/hotspot/share/prims/jni.cpp, line 579]
Event: 9.397 Thread 0x00007fcad48db800 Exception <a 'sun/nio/fs/UnixException'{0x00000007035e32b8}> (0x00000007035e32b8) 
thrown [./open/src/hotspot/share/prims/jni.cpp, line 579]
Event: 9.429 Thread 0x00007fcad48db800 Exception <a 'java/lang/ClassNotFoundException'{0x00000007032dadf8}: java/lang/ObjectCustomizer> (0x00000007032dadf8) 
thrown [./open/src/hotspot/share/classfile/systemDictionary.cpp, line 256]
Event: 9.430 Thread 0x00007fcad48db800 Exception <a 'java/lang/ClassNotFoundException'{0x00000007032e2978}: org/springframework/security/config/annotation/web/configuration/WebSecurityConfigurationCustomizer> (0x00000007032e2978) 
thrown [./open/src/hotspot/share/classfile/systemDictionary.cpp, line 256]
Event: 9.431 Thread 0x00007fcad48db800 Exception <a 'java/lang/ClassNotFoundException'{0x00000007032f1ac8}: org/springframework/context/annotation/ImportAwareCustomizer> (0x00000007032f1ac8) 
thrown [./open/src/hotspot/share/classfile/systemDictionary.cpp, line 256]
Event: 9.431 Thread 0x00007fcad48db800 Exception <a 'java/lang/ClassNotFoundException'{0x00000007032f64a0}: org/springframework/beans/factory/AwareCustomizer> (0x00000007032f64a0) 
thrown [./open/src/hotspot/share/classfile/systemDictionary.cpp, line 256]
Event: 9.431 Thread 0x00007fcad48db800 Exception <a 'java/lang/ClassNotFoundException'{0x00000007032fa4f8}: org/springframework/beans/factory/BeanClassLoaderAwareCustomizer> (0x00000007032fa4f8) 
thrown [./open/src/hotspot/share/classfile/systemDictionary.cpp, line 256]
Event: 9.432 Thread 0x00007fcad48db800 Exception <a 'java/lang/ClassNotFoundException'{0x00000007032feee0}: org/springframework/beans/factory/AwareCustomizer> (0x00000007032feee0) 
thrown [./open/src/hotspot/share/classfile/systemDictionary.cpp, line 256]
Event: 9.642 Thread 0x00007fcad48db800 Exception <a 'java/lang/ClassNotFoundException'{0x0000000702af85a0}: java/lang/ObjectCustomizer> (0x0000000702af85a0) 
thrown [./open/src/hotspot/share/classfile/systemDictionary.cpp, line 256]
Event: 9.642 Thread 0x00007fcad48db800 Exception <a 'java/lang/ClassNotFoundException'{0x0000000702b00120}: org/springframework/security/config/annotation/web/configuration/HttpSecurityConfigurationCustomizer> (0x0000000702b00120) 
thrown [./open/src/hotspot/share/classfile/systemDictionary.cpp, line 256]
Event: 9.694 Thread 0x00007fcad48db800 Exception <a 'java/lang/reflect/InvocationTargetException'{0x00000007028fa4e0}> (0x00000007028fa4e0) 
thrown [./open/src/hotspot/share/runtime/reflection.cpp, line 1157]

Events (20 events):
Event: 9.432 loading class sun/reflect/generics/repository/FieldRepository
Event: 9.432 loading class sun/reflect/generics/repository/FieldRepository done
Event: 9.494 loading class java/util/Base64
Event: 9.494 loading class java/util/Base64 done
Event: 9.494 loading class java/util/Base64$Encoder
Event: 9.494 loading class java/util/Base64$Encoder done
Event: 9.495 loading class sun/security/provider/MD5
Event: 9.495 loading class sun/security/provider/MD5 done
Event: 9.497 loading class java/nio/StringCharBuffer
Event: 9.497 loading class java/nio/StringCharBuffer done
Event: 9.498 loading class sun/security/provider/SHA2$SHA256
Event: 9.498 loading class sun/security/provider/SHA2
Event: 9.498 loading class sun/security/provider/SHA2 done
Event: 9.498 loading class sun/security/provider/SHA2$SHA256 done
Event: 9.610 loading class java/util/regex/Pattern$SliceI
Event: 9.610 loading class java/util/regex/Pattern$SliceI done
Event: 9.642 loading class java/lang/ObjectCustomizer
Event: 9.642 loading class java/lang/ObjectCustomizer done
Event: 9.642 loading class java/lang/ObjectCustomizer
Event: 9.642 loading class java/lang/ObjectCustomizer done


Dynamic libraries:
0x00007fff2a54c000 	/usr/lib/libz.1.dylib
0x0000000108363000 	/Library/Java/JavaVirtualMachines/jdk-16.0.1.jdk/Contents/Home/lib/libjli.dylib
0x00007fff34f1c000 	/System/Library/Frameworks/Cocoa.framework/Versions/A/Cocoa
0x00007fff222e8000 	/System/Library/Frameworks/Security.framework/Versions/A/Security
0x00007fff3313f000 	/System/Library/Frameworks/ApplicationServices.framework/Versions/A/ApplicationServices
0x00007fff2a614000 	/usr/lib/libSystem.B.dylib
0x00007fff2a60e000 	/usr/lib/system/libcache.dylib
0x00007fff2a5ca000 	/usr/lib/system/libcommonCrypto.dylib
0x00007fff2a5f4000 	/usr/lib/system/libcompiler_rt.dylib
0x00007fff2a5e9000 	/usr/lib/system/libcopyfile.dylib
0x00007fff201e9000 	/usr/lib/system/libcorecrypto.dylib
0x00007fff202b4000 	/usr/lib/system/libdispatch.dylib
0x00007fff20467000 	/usr/lib/system/libdyld.dylib
0x00007fff2a605000 	/usr/lib/system/libkeymgr.dylib
0x00007fff2da0a000 	/usr/lib/system/liblaunch.dylib
0x00007fff2a5a8000 	/usr/lib/system/libmacho.dylib
0x00007fff29da0000 	/usr/lib/system/libquarantine.dylib
0x00007fff2a602000 	/usr/lib/system/libremovefile.dylib
0x00007fff24cb6000 	/usr/lib/system/libsystem_asl.dylib
0x00007fff20199000 	/usr/lib/system/libsystem_blocks.dylib
0x00007fff20336000 	/usr/lib/system/libsystem_c.dylib
0x00007fff2a5fc000 	/usr/lib/system/libsystem_collections.dylib
0x00007fff290a6000 	/usr/lib/system/libsystem_configuration.dylib
0x00007fff28393000 	/usr/lib/system/libsystem_containermanager.dylib
0x00007fff2a34b000 	/usr/lib/system/libsystem_coreservices.dylib
0x00007fff2289d000 	/usr/lib/system/libsystem_darwin.dylib
0x00007fff2a606000 	/usr/lib/system/libsystem_dnssd.dylib
0x00007fff20333000 	/usr/lib/system/libsystem_featureflags.dylib
0x00007fff204ad000 	/usr/lib/system/libsystem_info.dylib
0x00007fff2a55f000 	/usr/lib/system/libsystem_m.dylib
0x00007fff20287000 	/usr/lib/system/libsystem_malloc.dylib
0x00007fff24c49000 	/usr/lib/system/libsystem_networkextension.dylib
0x00007fff22cbc000 	/usr/lib/system/libsystem_notify.dylib
0x00007fff2fe8e000 	/usr/lib/system/libsystem_product_info_filter.dylib
0x00007fff290aa000 	/usr/lib/system/libsystem_sandbox.dylib
0x00007fff2a5ff000 	/usr/lib/system/libsystem_secinit.dylib
0x00007fff2042b000 	/usr/lib/system/libsystem_kernel.dylib
0x00007fff204a3000 	/usr/lib/system/libsystem_platform.dylib
0x00007fff2045b000 	/usr/lib/system/libsystem_pthread.dylib
0x00007fff26390000 	/usr/lib/system/libsystem_symptoms.dylib
0x00007fff201d1000 	/usr/lib/system/libsystem_trace.dylib
0x00007fff2a5d6000 	/usr/lib/system/libunwind.dylib
0x00007fff2019b000 	/usr/lib/system/libxpc.dylib
0x00007fff20415000 	/usr/lib/libc++abi.dylib
0x00007fff202f9000 	/usr/lib/libobjc.A.dylib
0x00007fff2a5e1000 	/usr/lib/liboah.dylib
0x00007fff203bf000 	/usr/lib/libc++.1.dylib
0x00007fff204d9000 	/System/Library/Frameworks/CoreFoundation.framework/Versions/A/CoreFoundation
0x00007fff21283000 	/System/Library/Frameworks/Foundation.framework/Versions/C/Foundation
0x00007fff22d16000 	/System/Library/Frameworks/AppKit.framework/Versions/C/AppKit
0x00007fff25bcc000 	/System/Library/Frameworks/CoreData.framework/Versions/A/CoreData
0x00007fff23a5e000 	/System/Library/PrivateFrameworks/UIFoundation.framework/Versions/A/UIFoundation
0x00007fff2fc21000 	/System/Library/PrivateFrameworks/RemoteViewServices.framework/Versions/A/RemoteViewServices
0x00007fff28a59000 	/System/Library/PrivateFrameworks/XCTTargetBootstrap.framework/Versions/A/XCTTargetBootstrap
0x00007fff2b734000 	/usr/lib/libspindump.dylib
0x00007fff23cad000 	/System/Library/Frameworks/UniformTypeIdentifiers.framework/Versions/A/UniformTypeIdentifiers
0x00007fff2725d000 	/usr/lib/libapp_launch_measurement.dylib
0x00007fff27260000 	/System/Library/PrivateFrameworks/CoreAutoLayout.framework/Versions/A/CoreAutoLayout
0x00007fff283c0000 	/System/Library/Frameworks/Metal.framework/Versions/A/Metal
0x00007fff290b5000 	/usr/lib/liblangid.dylib
0x00007fff28a5d000 	/System/Library/PrivateFrameworks/CoreSVG.framework/Versions/A/CoreSVG
0x00007fff24ce5000 	/System/Library/PrivateFrameworks/SkyLight.framework/Versions/A/SkyLight
0x00007fff25049000 	/System/Library/Frameworks/CoreGraphics.framework/Versions/A/CoreGraphics
0x00007fff30143000 	/System/Library/Frameworks/Accelerate.framework/Versions/A/Accelerate
0x00007fff2b173000 	/System/Library/PrivateFrameworks/IconServices.framework/Versions/A/IconServices
0x00007fff283a4000 	/System/Library/Frameworks/IOSurface.framework/Versions/A/IOSurface
0x00007fff2654d000 	/usr/lib/libDiagnosticMessagesClient.dylib
0x00007fff28a45000 	/System/Library/PrivateFrameworks/DFRFoundation.framework/Versions/A/DFRFoundation
0x00007fff2263d000 	/usr/lib/libicucore.A.dylib
0x00007fff2cc73000 	/System/Library/Frameworks/AudioToolbox.framework/Versions/A/AudioToolbox
0x00007fff2bf05000 	/System/Library/PrivateFrameworks/DataDetectorsCore.framework/Versions/A/DataDetectorsCore
0x00007fff24c59000 	/usr/lib/libMobileGestalt.dylib
0x00007fff28749000 	/System/Library/Frameworks/Carbon.framework/Versions/A/Frameworks/HIToolbox.framework/Versions/A/HIToolbox
0x00007fff26ca7000 	/System/Library/Frameworks/QuartzCore.framework/Versions/A/QuartzCore
0x00007fff2fc59000 	/System/Library/Frameworks/Carbon.framework/Versions/A/Frameworks/SpeechRecognition.framework/Versions/A/SpeechRecognition
0x00007fff26fc6000 	/System/Library/PrivateFrameworks/CoreUI.framework/Versions/A/CoreUI
0x00007fff21c57000 	/System/Library/Frameworks/CoreAudio.framework/Versions/A/CoreAudio
0x00007fff26638000 	/System/Library/Frameworks/DiskArbitration.framework/Versions/A/DiskArbitration
0x00007fff2bb02000 	/System/Library/PrivateFrameworks/MultitouchSupport.framework/Versions/A/MultitouchSupport
0x00007fff2befc000 	/System/Library/PrivateFrameworks/InternationalSupport.framework/Versions/A/InternationalSupport
0x00007fff24c58000 	/usr/lib/libenergytrace.dylib
0x00007fff22c0d000 	/System/Library/Frameworks/IOKit.framework/Versions/A/IOKit
0x00007fff2ff8c000 	/System/Library/Frameworks/CoreServices.framework/Versions/A/CoreServices
0x00007fff271f3000 	/System/Library/PrivateFrameworks/PerformanceAnalysis.framework/Versions/A/PerformanceAnalysis
0x00007fff6b9c8000 	/System/Library/Frameworks/OpenGL.framework/Versions/A/OpenGL
0x00007fff2bf80000 	/System/Library/PrivateFrameworks/UserActivity.framework/Versions/A/UserActivity
0x00007fff256d3000 	/System/Library/Frameworks/ColorSync.framework/Versions/A/ColorSync
0x00007fff28cc3000 	/System/Library/Frameworks/CoreImage.framework/Versions/A/CoreImage
0x00007fff21a72000 	/System/Library/Frameworks/CoreText.framework/Versions/A/CoreText
0x00007fff28a87000 	/System/Library/Frameworks/ImageIO.framework/Versions/A/ImageIO
0x00007fff2a61a000 	/System/Library/PrivateFrameworks/SoftLinking.framework/Versions/A/SoftLinking
0x00007fff272a8000 	/usr/lib/libxml2.2.dylib
0x00007fff2a88b000 	/usr/lib/libcompression.dylib
0x00007fff2be2e000 	/System/Library/PrivateFrameworks/TextureIO.framework/Versions/A/TextureIO
0x00007fff2aeb2000 	/usr/lib/libate.dylib
0x00007fff2ac98000 	/usr/lib/liblzma.5.dylib
0x00007fff20f97000 	/System/Library/Frameworks/SystemConfiguration.framework/Versions/A/SystemConfiguration
0x00007fff2a616000 	/usr/lib/libfakelink.dylib
0x00007fff247aa000 	/System/Library/Frameworks/CFNetwork.framework/Versions/A/CFNetwork
0x00007fff2a756000 	/usr/lib/libarchive.2.dylib
0x00007fff21015000 	/usr/lib/libCRFSuite.dylib
0x00007fff29dc7000 	/usr/lib/libbsm.0.dylib
0x00007fff2412a000 	/usr/lib/libnetwork.dylib
0x00007fff2a61b000 	/usr/lib/libpcap.A.dylib
0x00007fff26389000 	/usr/lib/libdns_services.dylib
0x00007fff2acb1000 	/usr/lib/libcoretls_cfhelpers.dylib
0x00007fff2a855000 	/usr/lib/libapple_nghttp2.dylib
0x00007fff2a5ae000 	/usr/lib/system/libkxld.dylib
0x00007fff26002000 	/usr/lib/libsqlite3.dylib
0x00007fff2a32e000 	/System/Library/PrivateFrameworks/AppleFSCompression.framework/Versions/A/AppleFSCompression
0x00007fff29daf000 	/usr/lib/libcoretls.dylib
0x00007fff2a886000 	/usr/lib/libpam.2.dylib
0x00007fff2adae000 	/usr/lib/libxar.1.dylib
0x00007fff290b1000 	/System/Library/PrivateFrameworks/AppleSystemInfo.framework/Versions/A/AppleSystemInfo
0x00007fff299f1000 	/System/Library/PrivateFrameworks/IOMobileFramebuffer.framework/Versions/A/IOMobileFramebuffer
0x00007fff2a33e000 	/usr/lib/libbz2.1.0.dylib
0x00007fff2a653000 	/usr/lib/libiconv.2.dylib
0x00007fff2a5a7000 	/usr/lib/libcharset.1.dylib
0x00007fff2722f000 	/System/Library/Frameworks/CoreServices.framework/Versions/A/Frameworks/FSEvents.framework/Versions/A/FSEvents
0x00007fff228a7000 	/System/Library/Frameworks/CoreServices.framework/Versions/A/Frameworks/CarbonCore.framework/Versions/A/CarbonCore
0x00007fff2659d000 	/System/Library/Frameworks/CoreServices.framework/Versions/A/Frameworks/Metadata.framework/Versions/A/Metadata
0x00007fff2a350000 	/System/Library/Frameworks/CoreServices.framework/Versions/A/Frameworks/OSServices.framework/Versions/A/OSServices
0x00007fff2a7c8000 	/System/Library/Frameworks/CoreServices.framework/Versions/A/Frameworks/SearchKit.framework/Versions/A/SearchKit
0x00007fff26314000 	/System/Library/Frameworks/CoreServices.framework/Versions/A/Frameworks/AE.framework/Versions/A/AE
0x00007fff20977000 	/System/Library/Frameworks/CoreServices.framework/Versions/A/Frameworks/LaunchServices.framework/Versions/A/LaunchServices
0x00007fff2ac48000 	/System/Library/Frameworks/CoreServices.framework/Versions/A/Frameworks/DictionaryServices.framework/Versions/A/DictionaryServices
0x00007fff27238000 	/System/Library/Frameworks/CoreServices.framework/Versions/A/Frameworks/SharedFileList.framework/Versions/A/SharedFileList
0x00007fff29da3000 	/usr/lib/libCheckFix.dylib
0x00007fff24ccd000 	/System/Library/PrivateFrameworks/TCC.framework/Versions/A/TCC
0x00007fff290b7000 	/System/Library/PrivateFrameworks/CoreNLP.framework/Versions/A/CoreNLP
0x00007fff26550000 	/System/Library/PrivateFrameworks/MetadataUtilities.framework/Versions/A/MetadataUtilities
0x00007fff2104a000 	/usr/lib/libmecabra.dylib
0x00007fff2a0ad000 	/System/Library/Frameworks/MLCompute.framework/Versions/A/MLCompute
0x00007fff29dd8000 	/usr/lib/libmecab.dylib
0x00007fff29e22000 	/usr/lib/libgermantok.dylib
0x00007fff2a830000 	/usr/lib/libThaiTokenizer.dylib
0x00007fff2ade9000 	/usr/lib/libChineseTokenizer.dylib
0x00007fff2a884000 	/System/Library/Frameworks/MetalPerformanceShaders.framework/Versions/A/MetalPerformanceShaders
0x00007fff2663f000 	/System/Library/Frameworks/Accelerate.framework/Versions/A/Frameworks/vImage.framework/Versions/A/vImage
0x00007fff2ff66000 	/System/Library/Frameworks/Accelerate.framework/Versions/A/Frameworks/vecLib.framework/Versions/A/vecLib
0x00007fff2adf4000 	/System/Library/Frameworks/Accelerate.framework/Versions/A/Frameworks/vecLib.framework/Versions/A/libvMisc.dylib
0x00007fff2980c000 	/System/Library/Frameworks/Accelerate.framework/Versions/A/Frameworks/vecLib.framework/Versions/A/libvDSP.dylib
0x00007fff20c7e000 	/System/Library/Frameworks/Accelerate.framework/Versions/A/Frameworks/vecLib.framework/Versions/A/libBLAS.dylib
0x00007fff2a8aa000 	/System/Library/Frameworks/Accelerate.framework/Versions/A/Frameworks/vecLib.framework/Versions/A/libLAPACK.dylib
0x00007fff29e28000 	/System/Library/Frameworks/Accelerate.framework/Versions/A/Frameworks/vecLib.framework/Versions/A/libLinearAlgebra.dylib
0x00007fff2a86d000 	/System/Library/Frameworks/Accelerate.framework/Versions/A/Frameworks/vecLib.framework/Versions/A/libSparseBLAS.dylib
0x00007fff2a8a4000 	/System/Library/Frameworks/Accelerate.framework/Versions/A/Frameworks/vecLib.framework/Versions/A/libQuadrature.dylib
0x00007fff29163000 	/System/Library/Frameworks/Accelerate.framework/Versions/A/Frameworks/vecLib.framework/Versions/A/libBNNS.dylib
0x00007fff20f28000 	/System/Library/Frameworks/Accelerate.framework/Versions/A/Frameworks/vecLib.framework/Versions/A/libSparse.dylib
0x00007fff2903f000 	/System/Library/Frameworks/MetalPerformanceShaders.framework/Versions/A/Frameworks/MPSCore.framework/Versions/A/MPSCore
0x00007fff2a29d000 	/System/Library/Frameworks/MetalPerformanceShaders.framework/Versions/A/Frameworks/MPSImage.framework/Versions/A/MPSImage
0x00007fff29e3e000 	/System/Library/Frameworks/MetalPerformanceShaders.framework/Versions/A/Frameworks/MPSNeuralNetwork.framework/Versions/A/MPSNeuralNetwork
0x00007fff2a20f000 	/System/Library/Frameworks/MetalPerformanceShaders.framework/Versions/A/Frameworks/MPSMatrix.framework/Versions/A/MPSMatrix
0x00007fff2a05d000 	/System/Library/Frameworks/MetalPerformanceShaders.framework/Versions/A/Frameworks/MPSRayIntersector.framework/Versions/A/MPSRayIntersector
0x00007fff2a246000 	/System/Library/Frameworks/MetalPerformanceShaders.framework/Versions/A/Frameworks/MPSNDArray.framework/Versions/A/MPSNDArray
0x00007fff20baa000 	/System/Library/PrivateFrameworks/MetalTools.framework/Versions/A/MetalTools
0x00007fff290af000 	/System/Library/PrivateFrameworks/AggregateDictionary.framework/Versions/A/AggregateDictionary
0x00007fff2651d000 	/System/Library/PrivateFrameworks/CoreAnalytics.framework/Versions/A/CoreAnalytics
0x00007fff2a832000 	/System/Library/PrivateFrameworks/AppleSauce.framework/Versions/A/AppleSauce
0x00007fff283b6000 	/System/Library/PrivateFrameworks/IOAccelerator.framework/Versions/A/IOAccelerator
0x00007fff6b9bc000 	/System/Library/Frameworks/OpenGL.framework/Versions/A/Libraries/libCoreFSCache.dylib
0x00007fff215e1000 	/System/Library/PrivateFrameworks/LanguageModeling.framework/Versions/A/LanguageModeling
0x00007fff299df000 	/System/Library/PrivateFrameworks/CoreEmoji.framework/Versions/A/CoreEmoji
0x00007fff2915c000 	/System/Library/PrivateFrameworks/LinguisticData.framework/Versions/A/LinguisticData
0x00007fff20edb000 	/System/Library/PrivateFrameworks/Lexicon.framework/Versions/A/Lexicon
0x00007fff2a744000 	/usr/lib/libcmph.dylib
0x00007fff2720f000 	/System/Library/Frameworks/OpenDirectory.framework/Versions/A/Frameworks/CFOpenDirectory.framework/Versions/A/CFOpenDirectory
0x00007fff271ff000 	/System/Library/Frameworks/OpenDirectory.framework/Versions/A/OpenDirectory
0x00007fff2acb3000 	/System/Library/PrivateFrameworks/APFS.framework/Versions/A/APFS
0x00007fff29d05000 	/System/Library/Frameworks/SecurityFoundation.framework/Versions/A/SecurityFoundation
0x00007fff2adbc000 	/usr/lib/libutil.dylib
0x00007fff22bd2000 	/System/Library/PrivateFrameworks/CoreServicesStore.framework/Versions/A/CoreServicesStore
0x00007fff29d9b000 	/System/Library/Frameworks/ServiceManagement.framework/Versions/A/ServiceManagement
0x00007fff2adc0000 	/usr/lib/libxslt.1.dylib
0x00007fff29d91000 	/System/Library/PrivateFrameworks/BackgroundTaskManagement.framework/Versions/A/BackgroundTaskManagement
0x00007fff2bd78000 	/System/Library/Frameworks/ImageIO.framework/Versions/A/Resources/libRadiance.dylib
0x00007fff2bd82000 	/System/Library/Frameworks/ImageIO.framework/Versions/A/Resources/libJPEG.dylib
0x00007fff2bccc000 	/System/Library/Frameworks/ImageIO.framework/Versions/A/Resources/libPng.dylib
0x00007fff2bcf3000 	/System/Library/Frameworks/ImageIO.framework/Versions/A/Resources/libTIFF.dylib
0x00007fff2bdd7000 	/System/Library/Frameworks/ImageIO.framework/Versions/A/Resources/libGIF.dylib
0x00007fff2ba1e000 	/System/Library/Frameworks/ImageIO.framework/Versions/A/Resources/libJP2.dylib
0x00007fff2b13b000 	/usr/lib/libexpat.1.dylib
0x00007fff2b9d4000 	/System/Library/PrivateFrameworks/AppleJPEG.framework/Versions/A/AppleJPEG
0x00007fff285ec000 	/System/Library/PrivateFrameworks/FontServices.framework/libFontParser.dylib
0x00007fff262cb000 	/System/Library/PrivateFrameworks/RunningBoardServices.framework/Versions/A/RunningBoardServices
0x00007fff2bafe000 	/System/Library/PrivateFrameworks/WatchdogClient.framework/Versions/A/WatchdogClient
0x00007fff216ca000 	/System/Library/Frameworks/CoreDisplay.framework/Versions/A/CoreDisplay
0x00007fff28501000 	/System/Library/Frameworks/CoreMedia.framework/Versions/A/CoreMedia
0x00007fff2738b000 	/System/Library/Frameworks/CoreVideo.framework/Versions/A/CoreVideo
0x00007fff2bb39000 	/System/Library/Frameworks/VideoToolbox.framework/Versions/A/VideoToolbox
0x00007fff2624b000 	/System/Library/PrivateFrameworks/BaseBoard.framework/Versions/A/BaseBoard
0x00007fff2b27e000 	/System/Library/PrivateFrameworks/PersistentConnection.framework/Versions/A/PersistentConnection
0x00007fff25fec000 	/System/Library/PrivateFrameworks/ProtocolBuffer.framework/Versions/A/ProtocolBuffer
0x00007fff26233000 	/System/Library/PrivateFrameworks/CommonUtilities.framework/Versions/A/CommonUtilities
0x00007fff2b997000 	/System/Library/PrivateFrameworks/Bom.framework/Versions/A/Bom
0x00007fff2bd70000 	/System/Library/PrivateFrameworks/GPUWrangler.framework/Versions/A/GPUWrangler
0x00007fff2bd53000 	/System/Library/PrivateFrameworks/IOPresentment.framework/Versions/A/IOPresentment
0x00007fff2bd7c000 	/System/Library/PrivateFrameworks/DSExternalDisplay.framework/Versions/A/DSExternalDisplay
0x00007fff2bddc000 	/System/Library/PrivateFrameworks/CMCaptureCore.framework/Versions/A/CMCaptureCore
0x00007fff2b71a000 	/System/Library/PrivateFrameworks/AppServerSupport.framework/Versions/A/AppServerSupport
0x00007fff2d7ad000 	/System/Library/PrivateFrameworks/perfdata.framework/Versions/A/perfdata
0x00007fff29cf4000 	/System/Library/PrivateFrameworks/AssertionServices.framework/Versions/A/AssertionServices
0x00007fff21801000 	/System/Library/PrivateFrameworks/AudioToolboxCore.framework/Versions/A/AudioToolboxCore
0x00007fff284e4000 	/System/Library/PrivateFrameworks/caulk.framework/Versions/A/caulk
0x00007fff3cba2000 	/System/Library/PrivateFrameworks/SystemPolicy.framework/Versions/A/SystemPolicy
0x00007fff2af4a000 	/usr/lib/libIOReport.dylib
0x00007fff2cfe9000 	/usr/lib/libSMC.dylib
0x00007fff2bc98000 	/usr/lib/libAudioToolboxUtility.dylib
0x00007fff3d4fd000 	/usr/lib/libmis.dylib
0x00007fff6ba18000 	/System/Library/Frameworks/OpenGL.framework/Versions/A/Libraries/libGLU.dylib
0x00007fff6b9db000 	/System/Library/Frameworks/OpenGL.framework/Versions/A/Libraries/libGFXShared.dylib
0x00007fff6bbe9000 	/System/Library/Frameworks/OpenGL.framework/Versions/A/Libraries/libGL.dylib
0x00007fff6b9e4000 	/System/Library/Frameworks/OpenGL.framework/Versions/A/Libraries/libGLImage.dylib
0x00007fff6b9d8000 	/System/Library/Frameworks/OpenGL.framework/Versions/A/Libraries/libCVMSPluginSupport.dylib
0x00007fff6b9c3000 	/System/Library/Frameworks/OpenGL.framework/Versions/A/Libraries/libCoreVMClient.dylib
0x00007fff6d033000 	/System/Library/Frameworks/OpenCL.framework/Versions/A/OpenCL
0x00007fff2b2a7000 	/System/Library/PrivateFrameworks/GraphVisualizer.framework/Versions/A/GraphVisualizer
0x00007fff2b2b6000 	/System/Library/PrivateFrameworks/FaceCore.framework/Versions/A/FaceCore
0x00007fff2b6d2000 	/System/Library/PrivateFrameworks/OTSVG.framework/Versions/A/OTSVG
0x00007fff26f84000 	/System/Library/Frameworks/ApplicationServices.framework/Versions/A/Frameworks/ATS.framework/Versions/A/Resources/libFontRegistry.dylib
0x00007fff2b721000 	/System/Library/PrivateFrameworks/FontServices.framework/libhvf.dylib
0x00007fff2b0e7000 	/System/Library/PrivateFrameworks/AppleVA.framework/Versions/A/AppleVA
0x00007fff2ce31000 	/System/Library/Frameworks/ApplicationServices.framework/Versions/A/Frameworks/ATS.framework/Versions/A/ATS
0x00007fff2d144000 	/System/Library/Frameworks/ApplicationServices.framework/Versions/A/Frameworks/ColorSyncLegacy.framework/Versions/A/ColorSyncLegacy
0x00007fff257ca000 	/System/Library/Frameworks/ApplicationServices.framework/Versions/A/Frameworks/HIServices.framework/Versions/A/HIServices
0x00007fff2d129000 	/System/Library/Frameworks/ApplicationServices.framework/Versions/A/Frameworks/LangAnalysis.framework/Versions/A/LangAnalysis
0x00007fff2bde6000 	/System/Library/Frameworks/ApplicationServices.framework/Versions/A/Frameworks/PrintCore.framework/Versions/A/PrintCore
0x00007fff2d14c000 	/System/Library/Frameworks/ApplicationServices.framework/Versions/A/Frameworks/QD.framework/Versions/A/QD
0x00007fff2ce21000 	/System/Library/Frameworks/ApplicationServices.framework/Versions/A/Frameworks/SpeechSynthesis.framework/Versions/A/SpeechSynthesis
0x00007fff2bda7000 	/System/Library/Frameworks/ApplicationServices.framework/Versions/A/Frameworks/ATSUI.framework/Versions/A/ATSUI
0x00007fff2d0c9000 	/usr/lib/libcups.2.dylib
0x00007fff2d139000 	/System/Library/PrivateFrameworks/NetAuth.framework/Versions/A/NetAuth
0x00007fff2d7c8000 	/System/Library/Frameworks/Kerberos.framework/Versions/A/Kerberos
0x00007fff2d7d8000 	/System/Library/Frameworks/GSS.framework/Versions/A/GSS
0x00007fff2ce9e000 	/usr/lib/libresolv.9.dylib
0x00007fff2b737000 	/System/Library/PrivateFrameworks/Heimdal.framework/Versions/A/Heimdal
0x00007fff33454000 	/System/Library/Frameworks/Kerberos.framework/Versions/A/Libraries/libHeimdalProxy.dylib
0x00007fff26398000 	/System/Library/Frameworks/Network.framework/Versions/A/Network
0x00007fff2b154000 	/usr/lib/libheimdal-asn1.dylib
0x00007fff2d829000 	/System/Library/PrivateFrameworks/CommonAuth.framework/Versions/A/CommonAuth
0x00007fff273d9000 	/System/Library/PrivateFrameworks/login.framework/Versions/A/Frameworks/loginsupport.framework/Versions/A/loginsupport
0x00007fff2cda8000 	/System/Library/PrivateFrameworks/AudioSession.framework/Versions/A/AudioSession
0x00007fff2ce0e000 	/usr/lib/libAudioStatistics.dylib
0x00007fff2b1e0000 	/System/Library/PrivateFrameworks/MediaExperience.framework/Versions/A/MediaExperience
0x00007fff2cc41000 	/System/Library/PrivateFrameworks/AudioSession.framework/libSessionUtility.dylib
0x00007fff2d7b9000 	/usr/lib/libperfcheck.dylib
0x00007fff2d158000 	/System/Library/PrivateFrameworks/AudioResourceArbitration.framework/Versions/A/AudioResourceArbitration
0x00007fff2b15e000 	/System/Library/PrivateFrameworks/IconFoundation.framework/Versions/A/IconFoundation
0x00007fff2fc49000 	/System/Library/PrivateFrameworks/SpeechRecognitionCore.framework/Versions/A/SpeechRecognitionCore
0x000000010b000000 	/Library/Java/JavaVirtualMachines/jdk-16.0.1.jdk/Contents/Home/lib/server/libjvm.dylib
0x000000010838c000 	/Library/Java/JavaVirtualMachines/jdk-16.0.1.jdk/Contents/Home/lib/libjimage.dylib
0x00000001083e2000 	/Library/Java/JavaVirtualMachines/jdk-16.0.1.jdk/Contents/Home/lib/libjava.dylib
0x0000000108644000 	/Library/Java/JavaVirtualMachines/jdk-16.0.1.jdk/Contents/Home/lib/libnio.dylib
0x0000000108658000 	/Library/Java/JavaVirtualMachines/jdk-16.0.1.jdk/Contents/Home/lib/libnet.dylib
0x0000000108672000 	/Library/Java/JavaVirtualMachines/jdk-16.0.1.jdk/Contents/Home/lib/libzip.dylib
0x0000000108680000 	/Library/Java/JavaVirtualMachines/jdk-16.0.1.jdk/Contents/Home/lib/libmanagement.dylib
0x000000010868a000 	/Library/Java/JavaVirtualMachines/jdk-16.0.1.jdk/Contents/Home/lib/libmanagement_ext.dylib
0x0000000108695000 	/Library/Java/JavaVirtualMachines/jdk-16.0.1.jdk/Contents/Home/lib/libextnet.dylib


VM Arguments:
jvm_args: -XX:TieredStopAtLevel=1 -Xverify:none -XX:TieredStopAtLevel=1 
java_command: btlltw.demo.DemoApplication
java_class_path (initial): /Users/tvthag/Documents/code/WEB/be/btl-ltw-be/target/classes:/Users/tvthag/.m2/repository/mysql/mysql-connector-java/8.0.26/mysql-connector-java-8.0.26.jar:/Users/tvthag/.m2/repository/org/springframework/spring-context-support/4.3.1.RELEASE/spring-context-support-4.3.1.RELEASE.jar:/Users/tvthag/.m2/repository/org/springframework/spring-beans/5.3.10/spring-beans-5.3.10.jar:/Users/tvthag/.m2/repository/org/springframework/spring-context/5.3.10/spring-context-5.3.10.jar:/Users/tvthag/.m2/repository/org/springframework/spring-core/5.3.10/spring-core-5.3.10.jar:/Users/tvthag/.m2/repository/org/springframework/spring-jcl/5.3.10/spring-jcl-5.3.10.jar:/Users/tvthag/.m2/repository/ch/qos/logback/logback-classic/1.2.6/logback-classic-1.2.6.jar:/Users/tvthag/.m2/repository/ch/qos/logback/logback-core/1.2.6/logback-core-1.2.6.jar:/Users/tvthag/.m2/repository/org/apache/logging/log4j/log4j-to-slf4j/2.14.1/log4j-to-slf4j-2.14.1.jar:/Users/tvthag/.m2/repository/org/apache/logging/log4j/log4j-api/2.14.1/log4j-api-2.14.1.jar:/Users/tvthag/.m2/repository/org/slf4j/jul-to-slf4j/1.7.32/jul-to-slf4j-1.7.32.jar:/Users/tvthag/.m2/repository/jakarta/annotation/jakarta.annotation-api/1.3.5/jakarta.annotation-api-1.3.5.jar:/Users/tvthag/.m2/repository/org/yaml/snakeyaml/1.28/snakeyaml-1.28.jar:/Users/tvthag/.m2/repository/com/fasterxml/jackson/datatype/jackson-datatype-jdk8/2.12.5/jackson-datatype-jdk8-2.12.5.jar:/Users/tvthag/.m2/repository/com/fasterxml/jackson/datatype/jackson-datatype-jsr310/2.12.5/jackson-datatype-jsr310-2.12.5.jar:/Users/tvthag/.m2/repository/com/fasterxml/jackson/module/jackson-module-parameter-names/2.12.5/jackson-module-parameter-names-2.12.5.jar:/Users/tvthag/.m2/repository/org/apache/tomcat/embed/tomcat-embed-core/9.0.53/tomcat-embed-core-9.0.53.jar:/Users/tvthag/.m2/repository/org/apache/tomcat/embed/tomcat-embed-el/9.0.53/tomcat-embed-el-9.0.53.jar:/Users/tvthag/.m2/repository/org/apache/tomcat/embed/tomcat-embed-websocket/9.0.53/t
Launcher Type: SUN_STANDARD

[Global flags]
     intx CICompilerCount                          = 3                                         {product} {ergonomic}
     uint ConcGCThreads                            = 1                                         {product} {ergonomic}
     uint G1ConcRefinementThreads                  = 4                                         {product} {ergonomic}
   size_t G1HeapRegionSize                         = 2097152                                   {product} {ergonomic}
    uintx GCDrainStackTargetSize                   = 64                                        {product} {ergonomic}
   size_t InitialHeapSize                          = 268435456                                 {product} {ergonomic}
   size_t MarkStackSize                            = 4194304                                   {product} {ergonomic}
   size_t MaxHeapSize                              = 4294967296                                {product} {ergonomic}
   size_t MaxNewSize                               = 2575302656                                {product} {ergonomic}
   size_t MinHeapDeltaBytes                        = 2097152                                   {product} {ergonomic}
   size_t MinHeapSize                              = 8388608                                   {product} {ergonomic}
    uintx NonNMethodCodeHeapSize                   = 6973028                                {pd product} {ergonomic}
    uintx NonProfiledCodeHeapSize                  = 244685212                              {pd product} {ergonomic}
    uintx ProfiledCodeHeapSize                     = 0                                      {pd product} {ergonomic}
    uintx ReservedCodeCacheSize                    = 251658240                              {pd product} {ergonomic}
     bool SegmentedCodeCache                       = true                                      {product} {ergonomic}
   size_t SoftMaxHeapSize                          = 4294967296                             {manageable} {ergonomic}
     intx TieredStopAtLevel                        = 1                                         {product} {command line}
     bool UseCompressedClassPointers               = true                           {product lp64_product} {ergonomic}
     bool UseCompressedOops                        = true                           {product lp64_product} {ergonomic}
     bool UseG1GC                                  = true                                      {product} {ergonomic}
     bool UseNUMA                                  = false                                     {product} {ergonomic}
     bool UseNUMAInterleaving                      = false                                     {product} {ergonomic}

Logging:
Log output configuration:
 #0: stdout all=warning uptime,level,tags
 #1: stderr all=off uptime,level,tags

Environment Variables:
JAVA_HOME=/Library/Java/JavaVirtualMachines/jdk-16.0.1.jdk/Contents/Home
PATH=/usr/bin:/bin:/usr/sbin:/sbin
SHELL=/bin/zsh
LC_CTYPE=UTF-8

Signal Handlers:
SIGSEGV: [libjvm.dylib+0xa7bdc0], sa_mask[0]=11100110000111110111111111111111, sa_flags=SA_ONSTACK|SA_RESTART|SA_SIGINFO
SIGBUS: [libjvm.dylib+0xa7bdc0], sa_mask[0]=11100110000111110111111111111111, sa_flags=SA_RESTART|SA_SIGINFO
SIGFPE: [libjvm.dylib+0xa7bdc0], sa_mask[0]=11100110000111110111111111111111, sa_flags=SA_RESTART|SA_SIGINFO
SIGPIPE: [libjvm.dylib+0x945ca0], sa_mask[0]=11100110000111110111111111111111, sa_flags=SA_RESTART|SA_SIGINFO
SIGXFSZ: [libjvm.dylib+0x945ca0], sa_mask[0]=11100110000111110111111111111111, sa_flags=SA_RESTART|SA_SIGINFO
SIGILL: [libjvm.dylib+0xa7bdc0], sa_mask[0]=11100110000111110111111111111111, sa_flags=SA_RESTART|SA_SIGINFO
SIGUSR2: [libjvm.dylib+0x946750], sa_mask[0]=00100000000000000000000000000000, sa_flags=SA_RESTART|SA_SIGINFO
SIGHUP: [libjvm.dylib+0x944d10], sa_mask[0]=11100110000111110111111111111111, sa_flags=SA_RESTART|SA_SIGINFO
SIGINT: SIG_IGN, sa_mask[0]=00000000000000000000000000000000, sa_flags=none
SIGTERM: [libjvm.dylib+0x944d10], sa_mask[0]=11100110000111110111111111111111, sa_flags=SA_RESTART|SA_SIGINFO
SIGQUIT: [libjvm.dylib+0x944d10], sa_mask[0]=11100110000111110111111111111111, sa_flags=SA_RESTART|SA_SIGINFO
SIGTRAP: [libjvm.dylib+0xa7bdc0], sa_mask[0]=11100110000111110111111111111111, sa_flags=SA_RESTART|SA_SIGINFO


---------------  S Y S T E M  ---------------

OS:uname: Darwin 20.4.0 Darwin Kernel Version 20.4.0: Thu Apr 22 21:46:47 PDT 2021; root:xnu-7195.101.2~1/RELEASE_X86_64 x86_64
OS uptime: 0 days 11:42 hours
rlimit (soft/hard): STACK 8192k/65532k , CORE 0k/infinity , NPROC 2784/4176 , NOFILE 10240/infinity , AS infinity/infinity , CPU infinity/infinity , DATA infinity/infinity , FSIZE infinity/infinity , MEMLOCK infinity/infinity , RSS infinity/infinity
load average: 13.05 16.12 11.16

CPU: total 4 (initial active 4) (2 cores per cpu, 2 threads per core) family 6 model 61 stepping 4 microcode 0x2f, cx8, cmov, fxsr, ht, mmx, 3dnowpref, sse, sse2, sse3, ssse3, sse4.1, sse4.2, popcnt, lzcnt, tsc, tscinvbit, avx, avx2, aes, erms, clmul, bmi1, bmi2, adx, fma, vzeroupper, clflush

Memory: 4k page, physical 16777216k(42284k free), swap 2097152k(873728k free)

vm_info: Java HotSpot(TM) 64-Bit Server VM (16.0.1+9-24) for bsd-amd64 JRE (16.0.1+9-24), built on Mar 26 2021 18:20:04 by "mach5one" with clang 4.2.1 Compatible Apple LLVM 11.0.0 (clang-1100.0.33.17)

END.
