#
# A fatal error has been detected by the Java Runtime Environment:
#
#  SIGSEGV (0xb) at pc=0x000000011b44960d, pid=13779, tid=43275
#
# JRE version: Java(TM) SE Runtime Environment (16.0.1+9) (build 16.0.1+9-24)
# Java VM: Java HotSpot(TM) 64-Bit Server VM (16.0.1+9-24, mixed mode, sharing, tiered, compressed oops, compressed class ptrs, g1 gc, bsd-amd64)
# Problematic frame:
# j  javax.validation.Validation.byDefaultProvider()Ljavax/validation/bootstrap/GenericBootstrap;+0
#
# No core dump will be written. Core dumps have been disabled. To enable core dumping, try "ulimit -c unlimited" before starting Java again
#
# If you would like to submit a bug report, please visit:
#   https://bugreport.java.com/bugreport/crash.jsp
#

---------------  S U M M A R Y ------------

Command Line: -XX:TieredStopAtLevel=1 -Xverify:none -XX:TieredStopAtLevel=1 btlltw.demo.DemoApplication

Host: MacBookPro12,1 x86_64 2900 MHz, 4 cores, 16G, Darwin 20.4.0, macOS 10.16 (20E241)
Time: Tue Nov  2 22:39:09 2021 +07 elapsed time: 9.302388 seconds (0d 0h 0m 9s)

---------------  T H R E A D  ---------------

Current thread (0x00007fee4c8bae00):  JavaThread "background-preinit" [_thread_in_Java, id=43275, stack(0x000070000418d000,0x000070000428d000)]

Stack: [0x000070000418d000,0x000070000428d000],  sp=0x000070000428c9b8,  free space=1022k
Native frames: (J=compiled Java code, A=aot compiled Java code, j=interpreted, Vv=VM code, C=native code)
j  javax.validation.Validation.byDefaultProvider()Ljavax/validation/bootstrap/GenericBootstrap;+0
j  org.springframework.boot.autoconfigure.BackgroundPreinitializer$ValidationInitializer.run()V+0
j  org.springframework.boot.autoconfigure.BackgroundPreinitializer$1.runSafely(Ljava/lang/Runnable;)V+1
j  org.springframework.boot.autoconfigure.BackgroundPreinitializer$1.run()V+21
j  java.lang.Thread.run()V+11 java.base@16.0.1
v  ~StubRoutines::call_stub
V  [libjvm.dylib+0x508442]  JavaCalls::call_helper(JavaValue*, methodHandle const&, JavaCallArguments*, Thread*)+0x2d2
V  [libjvm.dylib+0x507487]  JavaCalls::call_virtual(JavaValue*, Klass*, Symbol*, Symbol*, JavaCallArguments*, Thread*)+0x147
V  [libjvm.dylib+0x507553]  JavaCalls::call_virtual(JavaValue*, Handle, Klass*, Symbol*, Symbol*, Thread*)+0x63
V  [libjvm.dylib+0x5b5524]  thread_entry(JavaThread*, Thread*)+0xb4
V  [libjvm.dylib+0xa0441d]  JavaThread::thread_main_inner()+0xcd
V  [libjvm.dylib+0xa01d61]  Thread::call_run()+0x71
V  [libjvm.dylib+0x8909f7]  thread_native_entry(Thread*)+0x157
C  [libsystem_pthread.dylib+0x6954]  _pthread_start+0xe0
C  [libsystem_pthread.dylib+0x24a7]  thread_start+0xf


siginfo: si_signo: 11 (SIGSEGV), si_code: 1 (SEGV_MAPERR), si_addr: 0x000000011a008ca0

Register to memory mapping:

RAX=0x000070000428c9b0 is pointing into the stack for thread: 0x00007fee4c8bae00
RBX=0x00000000000110a4 is an unknown value
RCX=0x0000000119f80748 is pointing into metadata
RDX=0x0000000000000003 is an unknown value
RSP=0x000070000428c9b8 is pointing into the stack for thread: 0x00007fee4c8bae00
RBP=0x000070000428c9f8 is pointing into the stack for thread: 0x00007fee4c8bae00
RSI=0x0000000000000004 is an unknown value
RDI=0x00007fee4bc6c5c0 points into unknown readable memory: 0x000000080001d528 | 28 d5 01 00 08 00 00 00
R8 =0x000000000004e535 is an unknown value
R9 =0xffffffff00000000 is an unknown value
R10=0x00000001104b73b0: _ZN19TemplateInterpreter13_active_tableE+0x4800 in /Library/Java/JavaVirtualMachines/jdk-16.0.1.jdk/Contents/Home/lib/server/libjvm.dylib at 0x000000010f800000
R11=0x0 is NULL
R12=0x0 is NULL
R13={method} {0x0000000119f80638} 'byDefaultProvider' '()Ljavax/validation/bootstrap/GenericBootstrap;' in 'javax/validation/Validation'
R14=0x000070000428ca00 is pointing into the stack for thread: 0x00007fee4c8bae00
R15=0x00007fee4c8bae00 is a thread


Registers:
RAX=0x000070000428c9b0, RBX=0x00000000000110a4, RCX=0x0000000119f80748, RDX=0x0000000000000003
RSP=0x000070000428c9b8, RBP=0x000070000428c9f8, RSI=0x0000000000000004, RDI=0x00007fee4bc6c5c0
R8 =0x000000000004e535, R9 =0xffffffff00000000, R10=0x00000001104b73b0, R11=0x0000000000000000
R12=0x0000000000000000, R13=0x0000000119f80638, R14=0x000070000428ca00, R15=0x00007fee4c8bae00
RIP=0x000000011b44960d, EFLAGS=0x0000000000010202, ERR=0x0000000000000004
  TRAPNO=0x000000000000000e

Top of Stack: (sp=0x000070000428c9b8)
0x000070000428c9b8:   0000000119f80638 000070000428ca00
0x000070000428c9c8:   0000000119f80748 0000000000000000
0x000070000428c9d8:   000000070f41a670 0000000119f80638
0x000070000428c9e8:   0000000000000000 000070000428ca08
0x000070000428c9f8:   000070000428ca50 000000011b435252
0x000070000428ca08:   000070000428ca08 0000000119f80038
0x000070000428ca18:   000070000428ca68 0000000119f80170
0x000070000428ca28:   0000000000000000 000000070f4157e0
0x000070000428ca38:   0000000119f80070 000070000428ca08
0x000070000428ca48:   000070000428ca68 000070000428cab8
0x000070000428ca58:   000000011b4358c1 0000000000000000
0x000070000428ca68:   000000070f415930 000070000428ca70
0x000070000428ca78:   0000000119f7ca29 000070000428cad8
0x000070000428ca88:   0000000119f7caf8 0000000000000000
0x000070000428ca98:   000000070f7cf770 0000000119f7ca68
0x000070000428caa8:   000070000428ca68 000070000428cad0
0x000070000428cab8:   000070000428cb28 000000011b435449
0x000070000428cac8:   0000000000000000 000000070f415930
0x000070000428cad8:   000000070f7cf8b0 000070000428cae0
0x000070000428cae8:   0000000119f7c955 000070000428cb38
0x000070000428caf8:   0000000119f7caf8 0000000000000000
0x000070000428cb08:   000000070f7cf770 0000000119f7c9a0
0x000070000428cb18:   000070000428cad0 000070000428cb38
0x000070000428cb28:   000070000428cb88 000000011b4358c1
0x000070000428cb38:   000000070f7cf8b0 000070000428cb40
0x000070000428cb48:   0000000800adbdbb 000070000428cb98
0x000070000428cb58:   00000008003c0720 0000000000000000
0x000070000428cb68:   00000007bfd00f20 000000080001d528
0x000070000428cb78:   000070000428cb38 000070000428cb98
0x000070000428cb88:   000070000428cc00 000000011b42ccc9
0x000070000428cb98:   000000070f7cc648 0000700000001fa0
0x000070000428cba8:   00007fee4c8bae00 000070000428cdc8 

Instructions: (pc=0x000000011b44960d)
0x000000011b44950d:   ff 24 da 00 00 00 00 00 00 00 00 00 00 00 00 00
0x000000011b44951d:   00 00 00 60 00 00 00 00 00 00 00 5d 88 2f 10 01
0x000000011b44952d:   00 00 00 ce 00 00 00 00 00 00 00 00 00 00 00 00
0x000000011b44953d:   00 00 00 58 41 0f b7 5d 01 48 8b 4d d0 c1 e3 02
0x000000011b44954d:   48 8b 5c d9 38 48 3b 00 c5 fb 10 04 18 41 0f b6
0x000000011b44955d:   5d 03 49 83 c5 03 49 ba b0 63 4b 10 01 00 00 00
0x000000011b44956d:   41 ff 24 da 0f 1f 80 00 00 00 00 00 00 00 00 00
0x000000011b44957d:   00 00 00 60 00 00 00 00 00 00 00 6c 88 2f 10 01
0x000000011b44958d:   00 00 00 cf 00 00 00 00 00 00 00 00 00 00 00 00
0x000000011b44959d:   00 00 00 58 41 0f b7 5d 01 48 8b 4d d0 c1 e3 02
0x000000011b4495ad:   48 8b 5c d9 38 48 3b 00 c5 fa 10 04 18 41 0f b6
0x000000011b4495bd:   5d 03 49 83 c5 03 49 ba b0 5b 4b 10 01 00 00 00
0x000000011b4495cd:   41 ff 24 da 0f 1f 80 00 00 00 00 00 00 00 00 00
0x000000011b4495dd:   00 00 00 60 00 00 00 00 00 00 00 7b 88 2f 10 01
0x000000011b4495ed:   00 00 00 d0 00 00 00 00 00 00 00 00 00 00 00 00
0x000000011b4495fd:   00 00 00 58 41 0f b7 5d 01 48 8b 4d d0 c1 e3 02
0x000000011b44960d:   48 8b 5c d9 38 48 3b 00 8b 04 18 41 0f b6 5d 03
0x000000011b44961d:   49 83 c5 03 49 ba b0 4b 4b 10 01 00 00 00 41 ff
0x000000011b44962d:   24 da 90 00 00 00 00 00 00 00 00 00 00 00 00 00
0x000000011b44963d:   00 00 00 60 00 00 00 00 00 00 00 8a 88 2f 10 01
0x000000011b44964d:   00 00 00 d1 00 00 00 00 00 00 00 00 00 00 00 00
0x000000011b44965d:   00 00 00 58 41 0f b7 5d 01 48 8b 4d d0 c1 e3 02
0x000000011b44966d:   48 8b 5c d9 38 48 3b 00 48 8b 04 18 41 0f b6 5d
0x000000011b44967d:   03 49 83 c5 03 49 ba b0 53 4b 10 01 00 00 00 41
0x000000011b44968d:   ff 24 da 00 00 00 00 00 00 00 00 00 00 00 00 00
0x000000011b44969d:   00 00 00 60 00 00 00 00 00 00 00 99 88 2f 10 01
0x000000011b4496ad:   00 00 00 d2 00 00 00 00 00 00 00 00 00 00 00 00
0x000000011b4496bd:   00 00 00 58 41 0f b7 5d 01 48 8b 4d d0 c1 e3 02
0x000000011b4496cd:   48 8b 5c d9 38 48 3b 00 0f bf 04 18 41 0f b6 5d
0x000000011b4496dd:   03 49 83 c5 03 49 ba b0 4b 4b 10 01 00 00 00 41
0x000000011b4496ed:   ff 24 da 00 00 00 00 00 00 00 00 00 00 00 00 00
0x000000011b4496fd:   00 00 00 a0 02 00 00 00 00 00 00 a8 88 2f 10 01 


Stack slot to memory mapping:
stack at sp + 0 slots: {method} {0x0000000119f80638} 'byDefaultProvider' '()Ljavax/validation/bootstrap/GenericBootstrap;' in 'javax/validation/Validation'
stack at sp + 1 slots: 0x000070000428ca00 is pointing into the stack for thread: 0x00007fee4c8bae00
stack at sp + 2 slots: 0x0000000119f80748 is pointing into metadata
stack at sp + 3 slots: 0x0 is NULL
stack at sp + 4 slots: 0x000000070f41a670 is an oop: java.lang.Class 
{0x000000070f41a670} - klass: 'java/lang/Class'
stack at sp + 5 slots: {method} {0x0000000119f80638} 'byDefaultProvider' '()Ljavax/validation/bootstrap/GenericBootstrap;' in 'javax/validation/Validation'
stack at sp + 6 slots: 0x0 is NULL
stack at sp + 7 slots: 0x000070000428ca08 is pointing into the stack for thread: 0x00007fee4c8bae00

fast_igetfield  208 fast_igetfield  [0x000000011b449600, 0x000000011b449640]  64 bytes
[MachCode]
  0x000000011b449600: 5841 0fb7 | 5d01 488b | 4dd0 c1e3 | 0248 8b5c | d938 483b | 008b 0418 | 410f b65d | 0349 83c5 
  0x000000011b449620: 0349 bab0 | 4b4b 1001 | 0000 0041 | ff24 da90 | 0000 0000 | 0000 0000 | 0000 0000 | 0000 0000 
[/MachCode]

---------------  P R O C E S S  ---------------

Threads class SMR info:
_java_thread_list=0x00007fee4bc6cf70, length=13, elements={
0x00007fee4e00a400, 0x00007fee4c00f000, 0x00007fee4d076a00, 0x00007fee4c015c00,
0x00007fee4d078000, 0x00007fee4d078600, 0x00007fee4c016200, 0x00007fee4c011000,
0x00007fee4d078c00, 0x00007fee4e080600, 0x00007fee4c0f5400, 0x00007fee4c8bc800,
0x00007fee4c8bae00
}

Java Threads: ( => current thread )
  0x00007fee4e00a400 JavaThread "main" [_thread_blocked, id=9987, stack(0x0000700002a45000,0x0000700002b45000)]
  0x00007fee4c00f000 JavaThread "Reference Handler" daemon [_thread_blocked, id=14851, stack(0x000070000315a000,0x000070000325a000)]
  0x00007fee4d076a00 JavaThread "Finalizer" daemon [_thread_blocked, id=16899, stack(0x000070000325d000,0x000070000335d000)]
  0x00007fee4c015c00 JavaThread "Signal Dispatcher" daemon [_thread_blocked, id=22275, stack(0x0000700003466000,0x0000700003566000)]
  0x00007fee4d078000 JavaThread "Service Thread" daemon [_thread_blocked, id=42243, stack(0x0000700003569000,0x0000700003669000)]
  0x00007fee4d078600 JavaThread "Monitor Deflation Thread" daemon [_thread_blocked, id=41731, stack(0x000070000366c000,0x000070000376c000)]
  0x00007fee4c016200 JavaThread "C1 CompilerThread0" daemon [_thread_blocked, id=22787, stack(0x000070000376f000,0x000070000386f000)]
  0x00007fee4c011000 JavaThread "Sweeper thread" daemon [_thread_blocked, id=23043, stack(0x0000700003872000,0x0000700003972000)]
  0x00007fee4d078c00 JavaThread "Notification Thread" daemon [_thread_blocked, id=23299, stack(0x0000700003975000,0x0000700003a75000)]
  0x00007fee4e080600 JavaThread "Common-Cleaner" daemon [_thread_blocked, id=24323, stack(0x0000700003b7b000,0x0000700003c7b000)]
  0x00007fee4c0f5400 JavaThread "Thread-0" [_thread_blocked, id=25603, stack(0x0000700003f87000,0x0000700004087000)]
  0x00007fee4c8bc800 JavaThread "restartedMain" [_thread_in_Java, id=26115, stack(0x000070000408a000,0x000070000418a000)]
=>0x00007fee4c8bae00 JavaThread "background-preinit" [_thread_in_Java, id=43275, stack(0x000070000418d000,0x000070000428d000)]

Other Threads:
  0x00007fee4bc17080 VMThread "VM Thread" [stack: 0x0000700003057000,0x0000700003157000] [id=17667]
  0x00007fee4bf2a150 WatcherThread [stack: 0x0000700003a78000,0x0000700003b78000] [id=23811]
  0x00007fee4bf0dcf0 GCTaskThread "GC Thread#0" [stack: 0x0000700002b48000,0x0000700002c48000] [id=12547]
  0x00007fee4bc3e2c0 GCTaskThread "GC Thread#1" [stack: 0x0000700003c7e000,0x0000700003d7e000] [id=40963]
  0x00007fee4bf47010 GCTaskThread "GC Thread#2" [stack: 0x0000700003d81000,0x0000700003e81000] [id=40707]
  0x00007fee4bf47a20 GCTaskThread "GC Thread#3" [stack: 0x0000700003e84000,0x0000700003f84000] [id=25091]
  0x00007fee4bf0ec20 ConcurrentGCThread "G1 Main Marker" [stack: 0x0000700002c4b000,0x0000700002d4b000] [id=19715]
  0x00007fee4bf0faf0 ConcurrentGCThread "G1 Conc#0" [stack: 0x0000700002d4e000,0x0000700002e4e000] [id=13571]
  0x00007fee4bd04b50 ConcurrentGCThread "G1 Refine#0" [stack: 0x0000700002e51000,0x0000700002f51000] [id=14083]
  0x00007fee4bf152e0 ConcurrentGCThread "G1 Service" [stack: 0x0000700002f54000,0x0000700003054000] [id=18947]

Threads with active compile tasks:

VM state: not at safepoint (normal execution)

VM Mutex/Monitor currently owned by a thread: None

Heap address: 0x0000000700000000, size: 4096 MB, Compressed Oops mode: Zero based, Oop shift amount: 3

CDS archive(s) mapped at: [0x0000000800000000-0x0000000800bbb000-0x0000000800bbb000), size 12300288, SharedBaseAddress: 0x0000000800000000, ArchiveRelocationMode: 0.
Compressed class space mapped at: 0x0000000800c00000-0x0000000840c00000, reserved size: 1073741824
Narrow klass base: 0x0000000800000000, Narrow klass shift: 3, Narrow klass range: 0x100000000

GC Precious Log:
 CPUs: 4 total, 4 available
 Memory: 16384M
 Large Page Support: Disabled
 NUMA Support: Disabled
 Compressed Oops: Enabled (Zero based)
 Heap Region Size: 2M
 Heap Min Capacity: 8M
 Heap Initial Capacity: 256M
 Heap Max Capacity: 4G
 Pre-touch: Disabled
 Parallel Workers: 4
 Concurrent Workers: 1
 Concurrent Refinement Workers: 4
 Periodic GC: Disabled

Heap:
 garbage-first heap   total 266240K, used 19302K [0x0000000700000000, 0x0000000800000000)
  region size 2048K, 8 young (16384K), 1 survivors (2048K)
 Metaspace       used 7243K, committed 7488K, reserved 1056768K
  class space    used 1008K, committed 1088K, reserved 1048576K

Heap Regions: E=young(eden), S=young(survivor), O=old, HS=humongous(starts), HC=humongous(continues), CS=collection set, F=free, OA=open archive, CA=closed archive, TAMS=top-at-mark-start (previous, next)
|   0|0x0000000700000000, 0x0000000700200000, 0x0000000700200000|100%| O|  |TAMS 0x0000000700000000, 0x0000000700000000| Untracked 
|   1|0x0000000700200000, 0x0000000700400000, 0x0000000700400000|100%| O|  |TAMS 0x0000000700200000, 0x0000000700200000| Untracked 
|   2|0x0000000700400000, 0x000000070042fc00, 0x0000000700600000|  9%| O|  |TAMS 0x0000000700400000, 0x0000000700400000| Untracked 
|   3|0x0000000700600000, 0x0000000700600000, 0x0000000700800000|  0%| F|  |TAMS 0x0000000700600000, 0x0000000700600000| Untracked 
|   4|0x0000000700800000, 0x0000000700800000, 0x0000000700a00000|  0%| F|  |TAMS 0x0000000700800000, 0x0000000700800000| Untracked 
|   5|0x0000000700a00000, 0x0000000700a00000, 0x0000000700c00000|  0%| F|  |TAMS 0x0000000700a00000, 0x0000000700a00000| Untracked 
|   6|0x0000000700c00000, 0x0000000700c00000, 0x0000000700e00000|  0%| F|  |TAMS 0x0000000700c00000, 0x0000000700c00000| Untracked 
|   7|0x0000000700e00000, 0x0000000700e00000, 0x0000000701000000|  0%| F|  |TAMS 0x0000000700e00000, 0x0000000700e00000| Untracked 
|   8|0x0000000701000000, 0x0000000701000000, 0x0000000701200000|  0%| F|  |TAMS 0x0000000701000000, 0x0000000701000000| Untracked 
|   9|0x0000000701200000, 0x0000000701200000, 0x0000000701400000|  0%| F|  |TAMS 0x0000000701200000, 0x0000000701200000| Untracked 
|  10|0x0000000701400000, 0x0000000701400000, 0x0000000701600000|  0%| F|  |TAMS 0x0000000701400000, 0x0000000701400000| Untracked 
|  11|0x0000000701600000, 0x0000000701600000, 0x0000000701800000|  0%| F|  |TAMS 0x0000000701600000, 0x0000000701600000| Untracked 
|  12|0x0000000701800000, 0x0000000701800000, 0x0000000701a00000|  0%| F|  |TAMS 0x0000000701800000, 0x0000000701800000| Untracked 
|  13|0x0000000701a00000, 0x0000000701a00000, 0x0000000701c00000|  0%| F|  |TAMS 0x0000000701a00000, 0x0000000701a00000| Untracked 
|  14|0x0000000701c00000, 0x0000000701c00000, 0x0000000701e00000|  0%| F|  |TAMS 0x0000000701c00000, 0x0000000701c00000| Untracked 
|  15|0x0000000701e00000, 0x0000000701e00000, 0x0000000702000000|  0%| F|  |TAMS 0x0000000701e00000, 0x0000000701e00000| Untracked 
|  16|0x0000000702000000, 0x0000000702000000, 0x0000000702200000|  0%| F|  |TAMS 0x0000000702000000, 0x0000000702000000| Untracked 
|  17|0x0000000702200000, 0x0000000702200000, 0x0000000702400000|  0%| F|  |TAMS 0x0000000702200000, 0x0000000702200000| Untracked 
|  18|0x0000000702400000, 0x0000000702400000, 0x0000000702600000|  0%| F|  |TAMS 0x0000000702400000, 0x0000000702400000| Untracked 
|  19|0x0000000702600000, 0x0000000702600000, 0x0000000702800000|  0%| F|  |TAMS 0x0000000702600000, 0x0000000702600000| Untracked 
|  20|0x0000000702800000, 0x0000000702800000, 0x0000000702a00000|  0%| F|  |TAMS 0x0000000702800000, 0x0000000702800000| Untracked 
|  21|0x0000000702a00000, 0x0000000702a00000, 0x0000000702c00000|  0%| F|  |TAMS 0x0000000702a00000, 0x0000000702a00000| Untracked 
|  22|0x0000000702c00000, 0x0000000702c00000, 0x0000000702e00000|  0%| F|  |TAMS 0x0000000702c00000, 0x0000000702c00000| Untracked 
|  23|0x0000000702e00000, 0x0000000702e00000, 0x0000000703000000|  0%| F|  |TAMS 0x0000000702e00000, 0x0000000702e00000| Untracked 
|  24|0x0000000703000000, 0x0000000703000000, 0x0000000703200000|  0%| F|  |TAMS 0x0000000703000000, 0x0000000703000000| Untracked 
|  25|0x0000000703200000, 0x0000000703200000, 0x0000000703400000|  0%| F|  |TAMS 0x0000000703200000, 0x0000000703200000| Untracked 
|  26|0x0000000703400000, 0x0000000703400000, 0x0000000703600000|  0%| F|  |TAMS 0x0000000703400000, 0x0000000703400000| Untracked 
|  27|0x0000000703600000, 0x0000000703600000, 0x0000000703800000|  0%| F|  |TAMS 0x0000000703600000, 0x0000000703600000| Untracked 
|  28|0x0000000703800000, 0x0000000703800000, 0x0000000703a00000|  0%| F|  |TAMS 0x0000000703800000, 0x0000000703800000| Untracked 
|  29|0x0000000703a00000, 0x0000000703a00000, 0x0000000703c00000|  0%| F|  |TAMS 0x0000000703a00000, 0x0000000703a00000| Untracked 
|  30|0x0000000703c00000, 0x0000000703c00000, 0x0000000703e00000|  0%| F|  |TAMS 0x0000000703c00000, 0x0000000703c00000| Untracked 
|  31|0x0000000703e00000, 0x0000000703e00000, 0x0000000704000000|  0%| F|  |TAMS 0x0000000703e00000, 0x0000000703e00000| Untracked 
|  32|0x0000000704000000, 0x0000000704000000, 0x0000000704200000|  0%| F|  |TAMS 0x0000000704000000, 0x0000000704000000| Untracked 
|  33|0x0000000704200000, 0x0000000704200000, 0x0000000704400000|  0%| F|  |TAMS 0x0000000704200000, 0x0000000704200000| Untracked 
|  34|0x0000000704400000, 0x0000000704400000, 0x0000000704600000|  0%| F|  |TAMS 0x0000000704400000, 0x0000000704400000| Untracked 
|  35|0x0000000704600000, 0x0000000704600000, 0x0000000704800000|  0%| F|  |TAMS 0x0000000704600000, 0x0000000704600000| Untracked 
|  36|0x0000000704800000, 0x0000000704800000, 0x0000000704a00000|  0%| F|  |TAMS 0x0000000704800000, 0x0000000704800000| Untracked 
|  37|0x0000000704a00000, 0x0000000704a00000, 0x0000000704c00000|  0%| F|  |TAMS 0x0000000704a00000, 0x0000000704a00000| Untracked 
|  38|0x0000000704c00000, 0x0000000704c00000, 0x0000000704e00000|  0%| F|  |TAMS 0x0000000704c00000, 0x0000000704c00000| Untracked 
|  39|0x0000000704e00000, 0x0000000704e00000, 0x0000000705000000|  0%| F|  |TAMS 0x0000000704e00000, 0x0000000704e00000| Untracked 
|  40|0x0000000705000000, 0x0000000705000000, 0x0000000705200000|  0%| F|  |TAMS 0x0000000705000000, 0x0000000705000000| Untracked 
|  41|0x0000000705200000, 0x0000000705200000, 0x0000000705400000|  0%| F|  |TAMS 0x0000000705200000, 0x0000000705200000| Untracked 
|  42|0x0000000705400000, 0x0000000705400000, 0x0000000705600000|  0%| F|  |TAMS 0x0000000705400000, 0x0000000705400000| Untracked 
|  43|0x0000000705600000, 0x0000000705600000, 0x0000000705800000|  0%| F|  |TAMS 0x0000000705600000, 0x0000000705600000| Untracked 
|  44|0x0000000705800000, 0x0000000705800000, 0x0000000705a00000|  0%| F|  |TAMS 0x0000000705800000, 0x0000000705800000| Untracked 
|  45|0x0000000705a00000, 0x0000000705a00000, 0x0000000705c00000|  0%| F|  |TAMS 0x0000000705a00000, 0x0000000705a00000| Untracked 
|  46|0x0000000705c00000, 0x0000000705c00000, 0x0000000705e00000|  0%| F|  |TAMS 0x0000000705c00000, 0x0000000705c00000| Untracked 
|  47|0x0000000705e00000, 0x0000000705e00000, 0x0000000706000000|  0%| F|  |TAMS 0x0000000705e00000, 0x0000000705e00000| Untracked 
|  48|0x0000000706000000, 0x0000000706000000, 0x0000000706200000|  0%| F|  |TAMS 0x0000000706000000, 0x0000000706000000| Untracked 
|  49|0x0000000706200000, 0x0000000706200000, 0x0000000706400000|  0%| F|  |TAMS 0x0000000706200000, 0x0000000706200000| Untracked 
|  50|0x0000000706400000, 0x0000000706400000, 0x0000000706600000|  0%| F|  |TAMS 0x0000000706400000, 0x0000000706400000| Untracked 
|  51|0x0000000706600000, 0x0000000706600000, 0x0000000706800000|  0%| F|  |TAMS 0x0000000706600000, 0x0000000706600000| Untracked 
|  52|0x0000000706800000, 0x0000000706800000, 0x0000000706a00000|  0%| F|  |TAMS 0x0000000706800000, 0x0000000706800000| Untracked 
|  53|0x0000000706a00000, 0x0000000706a00000, 0x0000000706c00000|  0%| F|  |TAMS 0x0000000706a00000, 0x0000000706a00000| Untracked 
|  54|0x0000000706c00000, 0x0000000706c00000, 0x0000000706e00000|  0%| F|  |TAMS 0x0000000706c00000, 0x0000000706c00000| Untracked 
|  55|0x0000000706e00000, 0x0000000706e00000, 0x0000000707000000|  0%| F|  |TAMS 0x0000000706e00000, 0x0000000706e00000| Untracked 
|  56|0x0000000707000000, 0x0000000707000000, 0x0000000707200000|  0%| F|  |TAMS 0x0000000707000000, 0x0000000707000000| Untracked 
|  57|0x0000000707200000, 0x0000000707200000, 0x0000000707400000|  0%| F|  |TAMS 0x0000000707200000, 0x0000000707200000| Untracked 
|  58|0x0000000707400000, 0x0000000707400000, 0x0000000707600000|  0%| F|  |TAMS 0x0000000707400000, 0x0000000707400000| Untracked 
|  59|0x0000000707600000, 0x0000000707600000, 0x0000000707800000|  0%| F|  |TAMS 0x0000000707600000, 0x0000000707600000| Untracked 
|  60|0x0000000707800000, 0x0000000707800000, 0x0000000707a00000|  0%| F|  |TAMS 0x0000000707800000, 0x0000000707800000| Untracked 
|  61|0x0000000707a00000, 0x0000000707a00000, 0x0000000707c00000|  0%| F|  |TAMS 0x0000000707a00000, 0x0000000707a00000| Untracked 
|  62|0x0000000707c00000, 0x0000000707c00000, 0x0000000707e00000|  0%| F|  |TAMS 0x0000000707c00000, 0x0000000707c00000| Untracked 
|  63|0x0000000707e00000, 0x0000000707e00000, 0x0000000708000000|  0%| F|  |TAMS 0x0000000707e00000, 0x0000000707e00000| Untracked 
|  64|0x0000000708000000, 0x0000000708000000, 0x0000000708200000|  0%| F|  |TAMS 0x0000000708000000, 0x0000000708000000| Untracked 
|  65|0x0000000708200000, 0x0000000708200000, 0x0000000708400000|  0%| F|  |TAMS 0x0000000708200000, 0x0000000708200000| Untracked 
|  66|0x0000000708400000, 0x0000000708400000, 0x0000000708600000|  0%| F|  |TAMS 0x0000000708400000, 0x0000000708400000| Untracked 
|  67|0x0000000708600000, 0x0000000708600000, 0x0000000708800000|  0%| F|  |TAMS 0x0000000708600000, 0x0000000708600000| Untracked 
|  68|0x0000000708800000, 0x0000000708800000, 0x0000000708a00000|  0%| F|  |TAMS 0x0000000708800000, 0x0000000708800000| Untracked 
|  69|0x0000000708a00000, 0x0000000708a00000, 0x0000000708c00000|  0%| F|  |TAMS 0x0000000708a00000, 0x0000000708a00000| Untracked 
|  70|0x0000000708c00000, 0x0000000708c00000, 0x0000000708e00000|  0%| F|  |TAMS 0x0000000708c00000, 0x0000000708c00000| Untracked 
|  71|0x0000000708e00000, 0x0000000708e00000, 0x0000000709000000|  0%| F|  |TAMS 0x0000000708e00000, 0x0000000708e00000| Untracked 
|  72|0x0000000709000000, 0x0000000709000000, 0x0000000709200000|  0%| F|  |TAMS 0x0000000709000000, 0x0000000709000000| Untracked 
|  73|0x0000000709200000, 0x0000000709200000, 0x0000000709400000|  0%| F|  |TAMS 0x0000000709200000, 0x0000000709200000| Untracked 
|  74|0x0000000709400000, 0x0000000709400000, 0x0000000709600000|  0%| F|  |TAMS 0x0000000709400000, 0x0000000709400000| Untracked 
|  75|0x0000000709600000, 0x0000000709600000, 0x0000000709800000|  0%| F|  |TAMS 0x0000000709600000, 0x0000000709600000| Untracked 
|  76|0x0000000709800000, 0x0000000709800000, 0x0000000709a00000|  0%| F|  |TAMS 0x0000000709800000, 0x0000000709800000| Untracked 
|  77|0x0000000709a00000, 0x0000000709a00000, 0x0000000709c00000|  0%| F|  |TAMS 0x0000000709a00000, 0x0000000709a00000| Untracked 
|  78|0x0000000709c00000, 0x0000000709c00000, 0x0000000709e00000|  0%| F|  |TAMS 0x0000000709c00000, 0x0000000709c00000| Untracked 
|  79|0x0000000709e00000, 0x0000000709e00000, 0x000000070a000000|  0%| F|  |TAMS 0x0000000709e00000, 0x0000000709e00000| Untracked 
|  80|0x000000070a000000, 0x000000070a000000, 0x000000070a200000|  0%| F|  |TAMS 0x000000070a000000, 0x000000070a000000| Untracked 
|  81|0x000000070a200000, 0x000000070a200000, 0x000000070a400000|  0%| F|  |TAMS 0x000000070a200000, 0x000000070a200000| Untracked 
|  82|0x000000070a400000, 0x000000070a400000, 0x000000070a600000|  0%| F|  |TAMS 0x000000070a400000, 0x000000070a400000| Untracked 
|  83|0x000000070a600000, 0x000000070a600000, 0x000000070a800000|  0%| F|  |TAMS 0x000000070a600000, 0x000000070a600000| Untracked 
|  84|0x000000070a800000, 0x000000070a800000, 0x000000070aa00000|  0%| F|  |TAMS 0x000000070a800000, 0x000000070a800000| Untracked 
|  85|0x000000070aa00000, 0x000000070aa00000, 0x000000070ac00000|  0%| F|  |TAMS 0x000000070aa00000, 0x000000070aa00000| Untracked 
|  86|0x000000070ac00000, 0x000000070ac00000, 0x000000070ae00000|  0%| F|  |TAMS 0x000000070ac00000, 0x000000070ac00000| Untracked 
|  87|0x000000070ae00000, 0x000000070ae00000, 0x000000070b000000|  0%| F|  |TAMS 0x000000070ae00000, 0x000000070ae00000| Untracked 
|  88|0x000000070b000000, 0x000000070b000000, 0x000000070b200000|  0%| F|  |TAMS 0x000000070b000000, 0x000000070b000000| Untracked 
|  89|0x000000070b200000, 0x000000070b200000, 0x000000070b400000|  0%| F|  |TAMS 0x000000070b200000, 0x000000070b200000| Untracked 
|  90|0x000000070b400000, 0x000000070b400000, 0x000000070b600000|  0%| F|  |TAMS 0x000000070b400000, 0x000000070b400000| Untracked 
|  91|0x000000070b600000, 0x000000070b600000, 0x000000070b800000|  0%| F|  |TAMS 0x000000070b600000, 0x000000070b600000| Untracked 
|  92|0x000000070b800000, 0x000000070b800000, 0x000000070ba00000|  0%| F|  |TAMS 0x000000070b800000, 0x000000070b800000| Untracked 
|  93|0x000000070ba00000, 0x000000070ba00000, 0x000000070bc00000|  0%| F|  |TAMS 0x000000070ba00000, 0x000000070ba00000| Untracked 
|  94|0x000000070bc00000, 0x000000070bc00000, 0x000000070be00000|  0%| F|  |TAMS 0x000000070bc00000, 0x000000070bc00000| Untracked 
|  95|0x000000070be00000, 0x000000070be00000, 0x000000070c000000|  0%| F|  |TAMS 0x000000070be00000, 0x000000070be00000| Untracked 
|  96|0x000000070c000000, 0x000000070c000000, 0x000000070c200000|  0%| F|  |TAMS 0x000000070c000000, 0x000000070c000000| Untracked 
|  97|0x000000070c200000, 0x000000070c200000, 0x000000070c400000|  0%| F|  |TAMS 0x000000070c200000, 0x000000070c200000| Untracked 
|  98|0x000000070c400000, 0x000000070c400000, 0x000000070c600000|  0%| F|  |TAMS 0x000000070c400000, 0x000000070c400000| Untracked 
|  99|0x000000070c600000, 0x000000070c600000, 0x000000070c800000|  0%| F|  |TAMS 0x000000070c600000, 0x000000070c600000| Untracked 
| 100|0x000000070c800000, 0x000000070c800000, 0x000000070ca00000|  0%| F|  |TAMS 0x000000070c800000, 0x000000070c800000| Untracked 
| 101|0x000000070ca00000, 0x000000070ca00000, 0x000000070cc00000|  0%| F|  |TAMS 0x000000070ca00000, 0x000000070ca00000| Untracked 
| 102|0x000000070cc00000, 0x000000070cc00000, 0x000000070ce00000|  0%| F|  |TAMS 0x000000070cc00000, 0x000000070cc00000| Untracked 
| 103|0x000000070ce00000, 0x000000070ce00000, 0x000000070d000000|  0%| F|  |TAMS 0x000000070ce00000, 0x000000070ce00000| Untracked 
| 104|0x000000070d000000, 0x000000070d000000, 0x000000070d200000|  0%| F|  |TAMS 0x000000070d000000, 0x000000070d000000| Untracked 
| 105|0x000000070d200000, 0x000000070d200000, 0x000000070d400000|  0%| F|  |TAMS 0x000000070d200000, 0x000000070d200000| Untracked 
| 106|0x000000070d400000, 0x000000070d400000, 0x000000070d600000|  0%| F|  |TAMS 0x000000070d400000, 0x000000070d400000| Untracked 
| 107|0x000000070d600000, 0x000000070d600000, 0x000000070d800000|  0%| F|  |TAMS 0x000000070d600000, 0x000000070d600000| Untracked 
| 108|0x000000070d800000, 0x000000070d800000, 0x000000070da00000|  0%| F|  |TAMS 0x000000070d800000, 0x000000070d800000| Untracked 
| 109|0x000000070da00000, 0x000000070da00000, 0x000000070dc00000|  0%| F|  |TAMS 0x000000070da00000, 0x000000070da00000| Untracked 
| 110|0x000000070dc00000, 0x000000070dc00000, 0x000000070de00000|  0%| F|  |TAMS 0x000000070dc00000, 0x000000070dc00000| Untracked 
| 111|0x000000070de00000, 0x000000070de00000, 0x000000070e000000|  0%| F|  |TAMS 0x000000070de00000, 0x000000070de00000| Untracked 
| 112|0x000000070e000000, 0x000000070e000000, 0x000000070e200000|  0%| F|  |TAMS 0x000000070e000000, 0x000000070e000000| Untracked 
| 113|0x000000070e200000, 0x000000070e200000, 0x000000070e400000|  0%| F|  |TAMS 0x000000070e200000, 0x000000070e200000| Untracked 
| 114|0x000000070e400000, 0x000000070e400000, 0x000000070e600000|  0%| F|  |TAMS 0x000000070e400000, 0x000000070e400000| Untracked 
| 115|0x000000070e600000, 0x000000070e600000, 0x000000070e800000|  0%| F|  |TAMS 0x000000070e600000, 0x000000070e600000| Untracked 
| 116|0x000000070e800000, 0x000000070e8b7d20, 0x000000070ea00000| 35%| S|CS|TAMS 0x000000070e800000, 0x000000070e800000| Complete 
| 117|0x000000070ea00000, 0x000000070ea00000, 0x000000070ec00000|  0%| F|  |TAMS 0x000000070ea00000, 0x000000070ea00000| Untracked 
| 118|0x000000070ec00000, 0x000000070ec00000, 0x000000070ee00000|  0%| F|  |TAMS 0x000000070ec00000, 0x000000070ec00000| Untracked 
| 119|0x000000070ee00000, 0x000000070ee00000, 0x000000070f000000|  0%| F|  |TAMS 0x000000070ee00000, 0x000000070ee00000| Untracked 
| 120|0x000000070f000000, 0x000000070f000000, 0x000000070f200000|  0%| F|  |TAMS 0x000000070f000000, 0x000000070f000000| Untracked 
| 121|0x000000070f200000, 0x000000070f301c10, 0x000000070f400000| 50%| E|  |TAMS 0x000000070f200000, 0x000000070f200000| Complete 
| 122|0x000000070f400000, 0x000000070f600000, 0x000000070f600000|100%| E|CS|TAMS 0x000000070f400000, 0x000000070f400000| Complete 
| 123|0x000000070f600000, 0x000000070f800000, 0x000000070f800000|100%| E|CS|TAMS 0x000000070f600000, 0x000000070f600000| Complete 
| 124|0x000000070f800000, 0x000000070fa00000, 0x000000070fa00000|100%| E|CS|TAMS 0x000000070f800000, 0x000000070f800000| Complete 
| 125|0x000000070fa00000, 0x000000070fc00000, 0x000000070fc00000|100%| E|CS|TAMS 0x000000070fa00000, 0x000000070fa00000| Complete 
| 126|0x000000070fc00000, 0x000000070fe00000, 0x000000070fe00000|100%| E|CS|TAMS 0x000000070fc00000, 0x000000070fc00000| Complete 
| 127|0x000000070fe00000, 0x0000000710000000, 0x0000000710000000|100%| E|CS|TAMS 0x000000070fe00000, 0x000000070fe00000| Complete 
|1534|0x00000007bfc00000, 0x00000007bfd75000, 0x00000007bfe00000| 72%|OA|  |TAMS 0x00000007bfc00000, 0x00000007bfc00000| Untracked 
|1535|0x00000007bfe00000, 0x00000007bfe7d000, 0x00000007c0000000| 24%|CA|  |TAMS 0x00000007bfe00000, 0x00000007bfe00000| Untracked 

Card table byte_map: [0x00000001186ab000,0x0000000118eab000] _byte_map_base: 0x0000000114eab000

Marking Bits (Prev, Next): (CMBitMap*) 0x00007fee4d02c210, (CMBitMap*) 0x00007fee4d02c250
 Prev Bits: [0x000000012a42c000, 0x000000012e42c000)
 Next Bits: [0x000000012e42c000, 0x000000013242c000)

Polling page: 0x000000010d269000

Metaspace:

Usage:
  Non-class:      6.09 MB used.
      Class:   1010.70 KB used.
       Both:      7.08 MB used.

Virtual space:
  Non-class space:        8.00 MB reserved,       6.25 MB ( 78%) committed,  1 nodes.
      Class space:        1.00 GB reserved,       1.06 MB ( <1%) committed,  1 nodes.
              Both:        1.01 GB reserved,       7.31 MB ( <1%) committed. 

Chunk freelists:
   Non-Class:  176.00 KB
       Class:  2.78 MB
        Both:  2.95 MB

MaxMetaspaceSize: 17179869184.00 GB
CompressedClassSpaceSize: 1.00 GB
 - commit_granule_bytes: 65536.
 - commit_granule_words: 8192.
 - virtual_space_node_default_size: 1048576.
 - enlarge_chunks_in_place: 1.
 - new_chunks_are_fully_committed: 0.
 - uncommit_free_chunks: 1.
 - use_allocation_guard: 0.
 - handle_deallocations: 1.


Internal statistics:

num_allocs_failed_limit: 0.
num_arena_births: 166.
num_arena_deaths: 0.
num_vsnodes_births: 2.
num_vsnodes_deaths: 0.
num_space_committed: 117.
num_space_uncommitted: 0.
num_chunks_returned_to_freelist: 0.
num_chunks_taken_from_freelist: 419.
num_chunk_merges: 0.
num_chunk_splits: 255.
num_chunks_enlarged: 179.
num_purges: 0.

CodeHeap 'non-profiled nmethods': size=238948Kb used=2129Kb max_used=2129Kb free=236818Kb
 bounds [0x000000011bad3000, 0x000000011bd43000, 0x000000012a42c000]
CodeHeap 'non-nmethods': size=6812Kb used=1169Kb max_used=1169Kb free=5642Kb
 bounds [0x000000011b42c000, 0x000000011b69c000, 0x000000011bad3000]
 total_blobs=1933 nmethods=1473 adapters=388
 compilation: enabled
              stopped_count=0, restarted_count=0
 full_count=0

Compilation events (20 events):
Event: 9.287 Thread 0x00007fee4c016200 1471       1       org.springframework.core.convert.support.GenericConversionService$ConvertersForPair::add (11 bytes)
Event: 9.287 Thread 0x00007fee4c016200 nmethod 1471 0x000000011bce1910 code [0x000000011bce1ac0, 0x000000011bce1ba0]
Event: 9.287 Thread 0x00007fee4c016200 1472       1       java.util.concurrent.ConcurrentLinkedDeque::addFirst (6 bytes)
Event: 9.287 Thread 0x00007fee4c016200 nmethod 1472 0x000000011bce1c10 code [0x000000011bce1da0, 0x000000011bce1e80]
Event: 9.287 Thread 0x00007fee4c016200 1473       1       java.util.concurrent.ConcurrentLinkedDeque::linkFirst (114 bytes)
Event: 9.292 Thread 0x00007fee4c016200 nmethod 1473 0x000000011bce1f10 code [0x000000011bce21a0, 0x000000011bce2d90]
Event: 9.292 Thread 0x00007fee4c016200 1474       1       java.util.concurrent.ConcurrentLinkedDeque::newNode (18 bytes)
Event: 9.294 Thread 0x00007fee4c016200 nmethod 1474 0x000000011bce3390 code [0x000000011bce3540, 0x000000011bce37f0]
Event: 9.294 Thread 0x00007fee4c016200 1466       1       sun.reflect.generics.reflectiveObjects.ParameterizedTypeImpl::hashCode (24 bytes)
Event: 9.294 Thread 0x00007fee4c016200 nmethod 1466 0x000000011bce3990 code [0x000000011bce3b40, 0x000000011bce3cc0]
Event: 9.294 Thread 0x00007fee4c016200 1476       1       java.util.concurrent.locks.ReentrantLock::<init> (16 bytes)
Event: 9.294 Thread 0x00007fee4c016200 nmethod 1476 0x000000011bce3d90 code [0x000000011bce3f20, 0x000000011bce4090]
Event: 9.294 Thread 0x00007fee4c016200 1477       1       org.springframework.util.ConcurrentReferenceHashMap$Segment::createReferenceArray (5 bytes)
Event: 9.295 Thread 0x00007fee4c016200 nmethod 1477 0x000000011bce4110 code [0x000000011bce42a0, 0x000000011bce43f0]
Event: 9.295 Thread 0x00007fee4c016200 1480       1       java.util.stream.MatchOps$BooleanTerminalSink::getAndClearState (5 bytes)
Event: 9.295 Thread 0x00007fee4c016200 nmethod 1480 0x000000011bce4490 code [0x000000011bce4620, 0x000000011bce46f0]
Event: 9.295 Thread 0x00007fee4c016200 1478       1       org.springframework.util.ConcurrentReferenceHashMap$Segment::<init> (48 bytes)
Event: 9.295 Thread 0x00007fee4c016200 nmethod 1478 0x000000011bce4790 code [0x000000011bce4960, 0x000000011bce4ff0]
Event: 9.295 Thread 0x00007fee4c016200 1479       1       org.springframework.util.ConcurrentReferenceHashMap::createReferenceManager (9 bytes)
Event: 9.296 Thread 0x00007fee4c016200 nmethod 1479 0x000000011bce5190 code [0x000000011bce5340, 0x000000011bce5670]

GC Heap History (6 events):
Event: 1.652 GC heap before
{Heap before GC invocations=0 (full 0):
 garbage-first heap   total 266240K, used 12232K [0x0000000700000000, 0x0000000800000000)
  region size 2048K, 6 young (12288K), 0 survivors (0K)
 Metaspace       used 2607K, committed 2816K, reserved 1056768K
  class space    used 281K, committed 384K, reserved 1048576K
}
Event: 1.669 GC heap after
{Heap after GC invocations=1 (full 0):
 garbage-first heap   total 266240K, used 6256K [0x0000000700000000, 0x0000000800000000)
  region size 2048K, 1 young (2048K), 1 survivors (2048K)
 Metaspace       used 2607K, committed 2816K, reserved 1056768K
  class space    used 281K, committed 384K, reserved 1048576K
}
Event: 2.180 GC heap before
{Heap before GC invocations=1 (full 0):
 garbage-first heap   total 266240K, used 14448K [0x0000000700000000, 0x0000000800000000)
  region size 2048K, 6 young (12288K), 1 survivors (2048K)
 Metaspace       used 3531K, committed 3712K, reserved 1056768K
  class space    used 414K, committed 512K, reserved 1048576K
}
Event: 2.194 GC heap after
{Heap after GC invocations=2 (full 0):
 garbage-first heap   total 266240K, used 6662K [0x0000000700000000, 0x0000000800000000)
  region size 2048K, 1 young (2048K), 1 survivors (2048K)
 Metaspace       used 3531K, committed 3712K, reserved 1056768K
  class space    used 414K, committed 512K, reserved 1048576K
}
Event: 2.912 GC heap before
{Heap before GC invocations=2 (full 0):
 garbage-first heap   total 266240K, used 25094K [0x0000000700000000, 0x0000000800000000)
  region size 2048K, 11 young (22528K), 1 survivors (2048K)
 Metaspace       used 4855K, committed 5056K, reserved 1056768K
  class space    used 612K, committed 704K, reserved 1048576K
}
Event: 2.917 GC heap after
{Heap after GC invocations=3 (full 0):
 garbage-first heap   total 266240K, used 7014K [0x0000000700000000, 0x0000000800000000)
  region size 2048K, 1 young (2048K), 1 survivors (2048K)
 Metaspace       used 4855K, committed 5056K, reserved 1056768K
  class space    used 612K, committed 704K, reserved 1048576K
}

Deoptimization events (0 events):
No events

Classes unloaded (0 events):
No events

Classes redefined (0 events):
No events

Internal exceptions (20 events):
Event: 3.160 Thread 0x00007fee4c8bc800 Exception <a 'java/lang/NoSuchMethodError'{0x000000070fc55c50}: 'java.lang.Object java.lang.invoke.DirectMethodHandle$Holder.newInvokeSpecial(java.lang.Object, java.lang.Object, java.lang.Object, java.lang.Object, java.lang.Object, java.lang.Object)'> (0x000000070fc55c50) 
thrown [./open/src/hotspot/share/interpreter/linkResolver.cpp, line 790]
Event: 3.278 Thread 0x00007fee4c8bc800 Exception <a 'java/lang/NoSuchMethodError'{0x000000070fd035b0}: 'java.lang.Object java.lang.invoke.DirectMethodHandle$Holder.invokeSpecial(java.lang.Object, java.lang.Object, java.lang.Object, java.lang.Object, java.lang.Object, java.lang.Object, int)'> (0x000000070fd035b0) 
thrown [./open/src/hotspot/share/interpreter/linkResolver.cpp, line 790]
Event: 3.281 Thread 0x00007fee4c8bc800 Exception <a 'java/lang/NoSuchMethodError'{0x000000070fd0e708}: 'java.lang.Object java.lang.invoke.DirectMethodHandle$Holder.newInvokeSpecial(java.lang.Object, java.lang.Object, java.lang.Object, java.lang.Object, java.lang.Object, java.lang.Object, int)'> (0x000000070fd0e708) 
thrown [./open/src/hotspot/share/interpreter/linkResolver.cpp, line 790]
Event: 3.282 Thread 0x00007fee4c8bc800 Exception <a 'java/lang/NoSuchMethodError'{0x000000070fd13860}: 'java.lang.Object java.lang.invoke.DirectMethodHandle$Holder.invokeSpecial(java.lang.Object, java.lang.Object, java.lang.Object, java.lang.Object, java.lang.Object, java.lang.Object, java.lang.Object, int)'> (0x000000070fd13860) 
thrown [./open/src/hotspot/share/interpreter/linkResolver.cpp, line 790]
Event: 3.448 Thread 0x00007fee4c8bc800 Exception <a 'java/lang/NoSuchMethodError'{0x000000070fa0f7b8}: 'int java.lang.invoke.DirectMethodHandle$Holder.invokeInterface(java.lang.Object, java.lang.Object)'> (0x000000070fa0f7b8) 
thrown [./open/src/hotspot/share/interpreter/linkResolver.cpp, line 790]
Event: 3.529 Thread 0x00007fee4c8bc800 Exception <a 'java/lang/NoSuchMethodError'{0x000000070faa17a0}: 'int java.lang.invoke.DirectMethodHandle$Holder.invokeVirtual(java.lang.Object, java.lang.Object)'> (0x000000070faa17a0) 
thrown [./open/src/hotspot/share/interpreter/linkResolver.cpp, line 790]
Event: 3.632 Thread 0x00007fee4c8bc800 Exception <a 'java/lang/NoSuchMethodError'{0x000000070fb26138}: 'java.lang.Object java.lang.invoke.DirectMethodHandle$Holder.invokeSpecial(java.lang.Object, java.lang.Object, java.lang.Object, int, java.lang.Object)'> (0x000000070fb26138) 
thrown [./open/src/hotspot/share/interpreter/linkResolver.cpp, line 790]
Event: 3.658 Thread 0x00007fee4c8bc800 Exception <a 'java/lang/NoSuchMethodError'{0x000000070fb2ee70}: 'java.lang.Object java.lang.invoke.DirectMethodHandle$Holder.newInvokeSpecial(java.lang.Object, java.lang.Object, java.lang.Object, int, java.lang.Object)'> (0x000000070fb2ee70) 
thrown [./open/src/hotspot/share/interpreter/linkResolver.cpp, line 790]
Event: 3.673 Thread 0x00007fee4c8bc800 Exception <a 'java/lang/NoSuchMethodError'{0x000000070fb36b58}: 'java.lang.Object java.lang.invoke.Invokers$Holder.linkToTargetMethod(java.lang.Object, java.lang.Object, int, java.lang.Object, java.lang.Object)'> (0x000000070fb36b58) 
thrown [./open/src/hotspot/share/interpreter/linkResolver.cpp, line 790]
Event: 3.676 Thread 0x00007fee4c8bc800 Exception <a 'java/lang/NoSuchMethodError'{0x000000070fb469f0}: 'java.lang.Object java.lang.invoke.DirectMethodHandle$Holder.newInvokeSpecial(java.lang.Object, int, java.lang.Object)'> (0x000000070fb469f0) 
thrown [./open/src/hotspot/share/interpreter/linkResolver.cpp, line 790]
Event: 3.677 Thread 0x00007fee4c8bc800 Exception <a 'java/lang/NoSuchMethodError'{0x000000070fb4b7f0}: 'int java.lang.invoke.DirectMethodHandle$Holder.invokeSpecialIFC(java.lang.Object, java.lang.Object, java.lang.Object, java.lang.Object)'> (0x000000070fb4b7f0) 
thrown [./open/src/hotspot/share/interpreter/linkResolver.cpp, line 790]
Event: 3.820 Thread 0x00007fee4c8bc800 Exception <a 'java/lang/NoSuchMethodError'{0x000000070f802608}: 'void java.lang.invoke.DirectMethodHandle$Holder.invokeInterface(java.lang.Object, java.lang.Object, java.lang.Object)'> (0x000000070f802608) 
thrown [./open/src/hotspot/share/interpreter/linkResolver.cpp, line 790]
Event: 3.895 Thread 0x00007fee4c8bc800 Exception <a 'java/lang/NoSuchMethodError'{0x000000070f8ab710}: 'java.lang.Object java.lang.invoke.DirectMethodHandle$Holder.invokeStatic(java.lang.Object, java.lang.Object, int)'> (0x000000070f8ab710) 
thrown [./open/src/hotspot/share/interpreter/linkResolver.cpp, line 790]
Event: 3.898 Thread 0x00007fee4c8bc800 Exception <a 'java/lang/NoSuchMethodError'{0x000000070f8b7580}: 'void java.lang.invoke.DelegatingMethodHandle$Holder.delegate(java.lang.Object, java.lang.Object, int, java.lang.Object)'> (0x000000070f8b7580) 
thrown [./open/src/hotspot/share/interpreter/linkResolver.cpp, line 790]
Event: 4.084 Thread 0x00007fee4c8bc800 Exception <a 'java/lang/NoSuchMethodError'{0x000000070f9c0010}: 'void java.lang.invoke.DirectMethodHandle$Holder.invokeStatic(java.lang.Object, java.lang.Object, int)'> (0x000000070f9c0010) 
thrown [./open/src/hotspot/share/interpreter/linkResolver.cpp, line 790]
Event: 4.090 Thread 0x00007fee4c8bc800 Exception <a 'java/lang/NoSuchMethodError'{0x000000070f9c8038}: 'void java.lang.invoke.DirectMethodHandle$Holder.invokeStatic(java.lang.Object, java.lang.Object)'> (0x000000070f9c8038) 
thrown [./open/src/hotspot/share/interpreter/linkResolver.cpp, line 790]
Event: 4.092 Thread 0x00007fee4c8bc800 Exception <a 'java/lang/NoSuchMethodError'{0x000000070f9cba40}: 'void java.lang.invoke.DirectMethodHandle$Holder.invokeStaticInit(java.lang.Object, java.lang.Object)'> (0x000000070f9cba40) 
thrown [./open/src/hotspot/share/interpreter/linkResolver.cpp, line 790]
Event: 4.108 Thread 0x00007fee4c8bc800 Exception <a 'java/lang/NoSuchMethodError'{0x000000070f9e4220}: 'void java.lang.invoke.DirectMethodHandle$Holder.invokeStaticInit(java.lang.Object, java.lang.Object, java.lang.Object)'> (0x000000070f9e4220) 
thrown [./open/src/hotspot/share/interpreter/linkResolver.cpp, line 790]
Event: 9.179 Thread 0x00007fee4c8bc800 Exception <a 'java/lang/NoSuchMethodError'{0x000000070f673048}: 'void java.lang.invoke.DirectMethodHandle$Holder.invokeVirtual(java.lang.Object, java.lang.Object, java.lang.Object, java.lang.Object)'> (0x000000070f673048) 
thrown [./open/src/hotspot/share/interpreter/linkResolver.cpp, line 790]
Event: 9.271 Thread 0x00007fee4c8bc800 Exception <a 'java/lang/NoSuchMethodError'{0x000000070f7b5b40}: 'void java.lang.invoke.DirectMethodHandle$Holder.invokeSpecial(java.lang.Object, java.lang.Object, java.lang.Object, java.lang.Object, java.lang.Object)'> (0x000000070f7b5b40) 
thrown [./open/src/hotspot/share/interpreter/linkResolver.cpp, line 790]

Events (20 events):
Event: 9.149 loading class sun/net/InetAddressCachePolicy
Event: 9.149 loading class sun/net/InetAddressCachePolicy done
Event: 9.149 loading class sun/net/InetAddressCachePolicy$1
Event: 9.149 loading class sun/net/InetAddressCachePolicy$1 done
Event: 9.149 loading class sun/net/InetAddressCachePolicy$2
Event: 9.149 loading class sun/net/InetAddressCachePolicy$2 done
Event: 9.149 loading class java/net/InetAddress$CachedAddresses
Event: 9.149 loading class java/net/InetAddress$CachedAddresses done
Event: 9.151 loading class java/util/concurrent/atomic/Striped64$1
Event: 9.151 loading class java/util/concurrent/atomic/Striped64$1 done
Event: 9.151 loading class java/net/InetAddress$CachedLocalHost
Event: 9.151 loading class java/net/InetAddress$CachedLocalHost done
Event: 9.208 loading class java/util/Stack
Event: 9.208 loading class java/util/Stack done
Event: 9.209 loading class java/util/Vector$Itr
Event: 9.209 loading class java/util/Vector$Itr done
Event: 9.279 Thread 0x00007fee4c8bae00 Thread added: 0x00007fee4c8bae00
Event: 9.279 Protecting memory [0x000070000418d000,0x0000700004191000] with protection modes 0
Event: 9.294 loading class java/net/MalformedURLException
Event: 9.294 loading class java/net/MalformedURLException done


Dynamic libraries:
0x00007fff2a54c000 	/usr/lib/libz.1.dylib
0x000000010d234000 	/Library/Java/JavaVirtualMachines/jdk-16.0.1.jdk/Contents/Home/lib/libjli.dylib
0x00007fff34f1c000 	/System/Library/Frameworks/Cocoa.framework/Versions/A/Cocoa
0x00007fff222e8000 	/System/Library/Frameworks/Security.framework/Versions/A/Security
0x00007fff3313f000 	/System/Library/Frameworks/ApplicationServices.framework/Versions/A/ApplicationServices
0x00007fff2a614000 	/usr/lib/libSystem.B.dylib
0x00007fff2a60e000 	/usr/lib/system/libcache.dylib
0x00007fff2a5ca000 	/usr/lib/system/libcommonCrypto.dylib
0x00007fff2a5f4000 	/usr/lib/system/libcompiler_rt.dylib
0x00007fff2a5e9000 	/usr/lib/system/libcopyfile.dylib
0x00007fff201e9000 	/usr/lib/system/libcorecrypto.dylib
0x00007fff202b4000 	/usr/lib/system/libdispatch.dylib
0x00007fff20467000 	/usr/lib/system/libdyld.dylib
0x00007fff2a605000 	/usr/lib/system/libkeymgr.dylib
0x00007fff2da0a000 	/usr/lib/system/liblaunch.dylib
0x00007fff2a5a8000 	/usr/lib/system/libmacho.dylib
0x00007fff29da0000 	/usr/lib/system/libquarantine.dylib
0x00007fff2a602000 	/usr/lib/system/libremovefile.dylib
0x00007fff24cb6000 	/usr/lib/system/libsystem_asl.dylib
0x00007fff20199000 	/usr/lib/system/libsystem_blocks.dylib
0x00007fff20336000 	/usr/lib/system/libsystem_c.dylib
0x00007fff2a5fc000 	/usr/lib/system/libsystem_collections.dylib
0x00007fff290a6000 	/usr/lib/system/libsystem_configuration.dylib
0x00007fff28393000 	/usr/lib/system/libsystem_containermanager.dylib
0x00007fff2a34b000 	/usr/lib/system/libsystem_coreservices.dylib
0x00007fff2289d000 	/usr/lib/system/libsystem_darwin.dylib
0x00007fff2a606000 	/usr/lib/system/libsystem_dnssd.dylib
0x00007fff20333000 	/usr/lib/system/libsystem_featureflags.dylib
0x00007fff204ad000 	/usr/lib/system/libsystem_info.dylib
0x00007fff2a55f000 	/usr/lib/system/libsystem_m.dylib
0x00007fff20287000 	/usr/lib/system/libsystem_malloc.dylib
0x00007fff24c49000 	/usr/lib/system/libsystem_networkextension.dylib
0x00007fff22cbc000 	/usr/lib/system/libsystem_notify.dylib
0x00007fff2fe8e000 	/usr/lib/system/libsystem_product_info_filter.dylib
0x00007fff290aa000 	/usr/lib/system/libsystem_sandbox.dylib
0x00007fff2a5ff000 	/usr/lib/system/libsystem_secinit.dylib
0x00007fff2042b000 	/usr/lib/system/libsystem_kernel.dylib
0x00007fff204a3000 	/usr/lib/system/libsystem_platform.dylib
0x00007fff2045b000 	/usr/lib/system/libsystem_pthread.dylib
0x00007fff26390000 	/usr/lib/system/libsystem_symptoms.dylib
0x00007fff201d1000 	/usr/lib/system/libsystem_trace.dylib
0x00007fff2a5d6000 	/usr/lib/system/libunwind.dylib
0x00007fff2019b000 	/usr/lib/system/libxpc.dylib
0x00007fff20415000 	/usr/lib/libc++abi.dylib
0x00007fff202f9000 	/usr/lib/libobjc.A.dylib
0x00007fff2a5e1000 	/usr/lib/liboah.dylib
0x00007fff203bf000 	/usr/lib/libc++.1.dylib
0x00007fff204d9000 	/System/Library/Frameworks/CoreFoundation.framework/Versions/A/CoreFoundation
0x00007fff21283000 	/System/Library/Frameworks/Foundation.framework/Versions/C/Foundation
0x00007fff22d16000 	/System/Library/Frameworks/AppKit.framework/Versions/C/AppKit
0x00007fff25bcc000 	/System/Library/Frameworks/CoreData.framework/Versions/A/CoreData
0x00007fff23a5e000 	/System/Library/PrivateFrameworks/UIFoundation.framework/Versions/A/UIFoundation
0x00007fff2fc21000 	/System/Library/PrivateFrameworks/RemoteViewServices.framework/Versions/A/RemoteViewServices
0x00007fff28a59000 	/System/Library/PrivateFrameworks/XCTTargetBootstrap.framework/Versions/A/XCTTargetBootstrap
0x00007fff2b734000 	/usr/lib/libspindump.dylib
0x00007fff23cad000 	/System/Library/Frameworks/UniformTypeIdentifiers.framework/Versions/A/UniformTypeIdentifiers
0x00007fff2725d000 	/usr/lib/libapp_launch_measurement.dylib
0x00007fff27260000 	/System/Library/PrivateFrameworks/CoreAutoLayout.framework/Versions/A/CoreAutoLayout
0x00007fff283c0000 	/System/Library/Frameworks/Metal.framework/Versions/A/Metal
0x00007fff290b5000 	/usr/lib/liblangid.dylib
0x00007fff28a5d000 	/System/Library/PrivateFrameworks/CoreSVG.framework/Versions/A/CoreSVG
0x00007fff24ce5000 	/System/Library/PrivateFrameworks/SkyLight.framework/Versions/A/SkyLight
0x00007fff25049000 	/System/Library/Frameworks/CoreGraphics.framework/Versions/A/CoreGraphics
0x00007fff30143000 	/System/Library/Frameworks/Accelerate.framework/Versions/A/Accelerate
0x00007fff2b173000 	/System/Library/PrivateFrameworks/IconServices.framework/Versions/A/IconServices
0x00007fff283a4000 	/System/Library/Frameworks/IOSurface.framework/Versions/A/IOSurface
0x00007fff2654d000 	/usr/lib/libDiagnosticMessagesClient.dylib
0x00007fff28a45000 	/System/Library/PrivateFrameworks/DFRFoundation.framework/Versions/A/DFRFoundation
0x00007fff2263d000 	/usr/lib/libicucore.A.dylib
0x00007fff2cc73000 	/System/Library/Frameworks/AudioToolbox.framework/Versions/A/AudioToolbox
0x00007fff2bf05000 	/System/Library/PrivateFrameworks/DataDetectorsCore.framework/Versions/A/DataDetectorsCore
0x00007fff24c59000 	/usr/lib/libMobileGestalt.dylib
0x00007fff28749000 	/System/Library/Frameworks/Carbon.framework/Versions/A/Frameworks/HIToolbox.framework/Versions/A/HIToolbox
0x00007fff26ca7000 	/System/Library/Frameworks/QuartzCore.framework/Versions/A/QuartzCore
0x00007fff2fc59000 	/System/Library/Frameworks/Carbon.framework/Versions/A/Frameworks/SpeechRecognition.framework/Versions/A/SpeechRecognition
0x00007fff26fc6000 	/System/Library/PrivateFrameworks/CoreUI.framework/Versions/A/CoreUI
0x00007fff21c57000 	/System/Library/Frameworks/CoreAudio.framework/Versions/A/CoreAudio
0x00007fff26638000 	/System/Library/Frameworks/DiskArbitration.framework/Versions/A/DiskArbitration
0x00007fff2bb02000 	/System/Library/PrivateFrameworks/MultitouchSupport.framework/Versions/A/MultitouchSupport
0x00007fff2befc000 	/System/Library/PrivateFrameworks/InternationalSupport.framework/Versions/A/InternationalSupport
0x00007fff24c58000 	/usr/lib/libenergytrace.dylib
0x00007fff22c0d000 	/System/Library/Frameworks/IOKit.framework/Versions/A/IOKit
0x00007fff2ff8c000 	/System/Library/Frameworks/CoreServices.framework/Versions/A/CoreServices
0x00007fff271f3000 	/System/Library/PrivateFrameworks/PerformanceAnalysis.framework/Versions/A/PerformanceAnalysis
0x00007fff6b9c8000 	/System/Library/Frameworks/OpenGL.framework/Versions/A/OpenGL
0x00007fff2bf80000 	/System/Library/PrivateFrameworks/UserActivity.framework/Versions/A/UserActivity
0x00007fff256d3000 	/System/Library/Frameworks/ColorSync.framework/Versions/A/ColorSync
0x00007fff28cc3000 	/System/Library/Frameworks/CoreImage.framework/Versions/A/CoreImage
0x00007fff21a72000 	/System/Library/Frameworks/CoreText.framework/Versions/A/CoreText
0x00007fff28a87000 	/System/Library/Frameworks/ImageIO.framework/Versions/A/ImageIO
0x00007fff2a61a000 	/System/Library/PrivateFrameworks/SoftLinking.framework/Versions/A/SoftLinking
0x00007fff272a8000 	/usr/lib/libxml2.2.dylib
0x00007fff2a88b000 	/usr/lib/libcompression.dylib
0x00007fff2be2e000 	/System/Library/PrivateFrameworks/TextureIO.framework/Versions/A/TextureIO
0x00007fff2aeb2000 	/usr/lib/libate.dylib
0x00007fff2ac98000 	/usr/lib/liblzma.5.dylib
0x00007fff20f97000 	/System/Library/Frameworks/SystemConfiguration.framework/Versions/A/SystemConfiguration
0x00007fff2a616000 	/usr/lib/libfakelink.dylib
0x00007fff247aa000 	/System/Library/Frameworks/CFNetwork.framework/Versions/A/CFNetwork
0x00007fff2a756000 	/usr/lib/libarchive.2.dylib
0x00007fff21015000 	/usr/lib/libCRFSuite.dylib
0x00007fff29dc7000 	/usr/lib/libbsm.0.dylib
0x00007fff2412a000 	/usr/lib/libnetwork.dylib
0x00007fff2a61b000 	/usr/lib/libpcap.A.dylib
0x00007fff26389000 	/usr/lib/libdns_services.dylib
0x00007fff2acb1000 	/usr/lib/libcoretls_cfhelpers.dylib
0x00007fff2a855000 	/usr/lib/libapple_nghttp2.dylib
0x00007fff2a5ae000 	/usr/lib/system/libkxld.dylib
0x00007fff26002000 	/usr/lib/libsqlite3.dylib
0x00007fff2a32e000 	/System/Library/PrivateFrameworks/AppleFSCompression.framework/Versions/A/AppleFSCompression
0x00007fff29daf000 	/usr/lib/libcoretls.dylib
0x00007fff2a886000 	/usr/lib/libpam.2.dylib
0x00007fff2adae000 	/usr/lib/libxar.1.dylib
0x00007fff290b1000 	/System/Library/PrivateFrameworks/AppleSystemInfo.framework/Versions/A/AppleSystemInfo
0x00007fff299f1000 	/System/Library/PrivateFrameworks/IOMobileFramebuffer.framework/Versions/A/IOMobileFramebuffer
0x00007fff2a33e000 	/usr/lib/libbz2.1.0.dylib
0x00007fff2a653000 	/usr/lib/libiconv.2.dylib
0x00007fff2a5a7000 	/usr/lib/libcharset.1.dylib
0x00007fff2722f000 	/System/Library/Frameworks/CoreServices.framework/Versions/A/Frameworks/FSEvents.framework/Versions/A/FSEvents
0x00007fff228a7000 	/System/Library/Frameworks/CoreServices.framework/Versions/A/Frameworks/CarbonCore.framework/Versions/A/CarbonCore
0x00007fff2659d000 	/System/Library/Frameworks/CoreServices.framework/Versions/A/Frameworks/Metadata.framework/Versions/A/Metadata
0x00007fff2a350000 	/System/Library/Frameworks/CoreServices.framework/Versions/A/Frameworks/OSServices.framework/Versions/A/OSServices
0x00007fff2a7c8000 	/System/Library/Frameworks/CoreServices.framework/Versions/A/Frameworks/SearchKit.framework/Versions/A/SearchKit
0x00007fff26314000 	/System/Library/Frameworks/CoreServices.framework/Versions/A/Frameworks/AE.framework/Versions/A/AE
0x00007fff20977000 	/System/Library/Frameworks/CoreServices.framework/Versions/A/Frameworks/LaunchServices.framework/Versions/A/LaunchServices
0x00007fff2ac48000 	/System/Library/Frameworks/CoreServices.framework/Versions/A/Frameworks/DictionaryServices.framework/Versions/A/DictionaryServices
0x00007fff27238000 	/System/Library/Frameworks/CoreServices.framework/Versions/A/Frameworks/SharedFileList.framework/Versions/A/SharedFileList
0x00007fff29da3000 	/usr/lib/libCheckFix.dylib
0x00007fff24ccd000 	/System/Library/PrivateFrameworks/TCC.framework/Versions/A/TCC
0x00007fff290b7000 	/System/Library/PrivateFrameworks/CoreNLP.framework/Versions/A/CoreNLP
0x00007fff26550000 	/System/Library/PrivateFrameworks/MetadataUtilities.framework/Versions/A/MetadataUtilities
0x00007fff2104a000 	/usr/lib/libmecabra.dylib
0x00007fff2a0ad000 	/System/Library/Frameworks/MLCompute.framework/Versions/A/MLCompute
0x00007fff29dd8000 	/usr/lib/libmecab.dylib
0x00007fff29e22000 	/usr/lib/libgermantok.dylib
0x00007fff2a830000 	/usr/lib/libThaiTokenizer.dylib
0x00007fff2ade9000 	/usr/lib/libChineseTokenizer.dylib
0x00007fff2a884000 	/System/Library/Frameworks/MetalPerformanceShaders.framework/Versions/A/MetalPerformanceShaders
0x00007fff2663f000 	/System/Library/Frameworks/Accelerate.framework/Versions/A/Frameworks/vImage.framework/Versions/A/vImage
0x00007fff2ff66000 	/System/Library/Frameworks/Accelerate.framework/Versions/A/Frameworks/vecLib.framework/Versions/A/vecLib
0x00007fff2adf4000 	/System/Library/Frameworks/Accelerate.framework/Versions/A/Frameworks/vecLib.framework/Versions/A/libvMisc.dylib
0x00007fff2980c000 	/System/Library/Frameworks/Accelerate.framework/Versions/A/Frameworks/vecLib.framework/Versions/A/libvDSP.dylib
0x00007fff20c7e000 	/System/Library/Frameworks/Accelerate.framework/Versions/A/Frameworks/vecLib.framework/Versions/A/libBLAS.dylib
0x00007fff2a8aa000 	/System/Library/Frameworks/Accelerate.framework/Versions/A/Frameworks/vecLib.framework/Versions/A/libLAPACK.dylib
0x00007fff29e28000 	/System/Library/Frameworks/Accelerate.framework/Versions/A/Frameworks/vecLib.framework/Versions/A/libLinearAlgebra.dylib
0x00007fff2a86d000 	/System/Library/Frameworks/Accelerate.framework/Versions/A/Frameworks/vecLib.framework/Versions/A/libSparseBLAS.dylib
0x00007fff2a8a4000 	/System/Library/Frameworks/Accelerate.framework/Versions/A/Frameworks/vecLib.framework/Versions/A/libQuadrature.dylib
0x00007fff29163000 	/System/Library/Frameworks/Accelerate.framework/Versions/A/Frameworks/vecLib.framework/Versions/A/libBNNS.dylib
0x00007fff20f28000 	/System/Library/Frameworks/Accelerate.framework/Versions/A/Frameworks/vecLib.framework/Versions/A/libSparse.dylib
0x00007fff2903f000 	/System/Library/Frameworks/MetalPerformanceShaders.framework/Versions/A/Frameworks/MPSCore.framework/Versions/A/MPSCore
0x00007fff2a29d000 	/System/Library/Frameworks/MetalPerformanceShaders.framework/Versions/A/Frameworks/MPSImage.framework/Versions/A/MPSImage
0x00007fff29e3e000 	/System/Library/Frameworks/MetalPerformanceShaders.framework/Versions/A/Frameworks/MPSNeuralNetwork.framework/Versions/A/MPSNeuralNetwork
0x00007fff2a20f000 	/System/Library/Frameworks/MetalPerformanceShaders.framework/Versions/A/Frameworks/MPSMatrix.framework/Versions/A/MPSMatrix
0x00007fff2a05d000 	/System/Library/Frameworks/MetalPerformanceShaders.framework/Versions/A/Frameworks/MPSRayIntersector.framework/Versions/A/MPSRayIntersector
0x00007fff2a246000 	/System/Library/Frameworks/MetalPerformanceShaders.framework/Versions/A/Frameworks/MPSNDArray.framework/Versions/A/MPSNDArray
0x00007fff20baa000 	/System/Library/PrivateFrameworks/MetalTools.framework/Versions/A/MetalTools
0x00007fff290af000 	/System/Library/PrivateFrameworks/AggregateDictionary.framework/Versions/A/AggregateDictionary
0x00007fff2651d000 	/System/Library/PrivateFrameworks/CoreAnalytics.framework/Versions/A/CoreAnalytics
0x00007fff2a832000 	/System/Library/PrivateFrameworks/AppleSauce.framework/Versions/A/AppleSauce
0x00007fff283b6000 	/System/Library/PrivateFrameworks/IOAccelerator.framework/Versions/A/IOAccelerator
0x00007fff6b9bc000 	/System/Library/Frameworks/OpenGL.framework/Versions/A/Libraries/libCoreFSCache.dylib
0x00007fff215e1000 	/System/Library/PrivateFrameworks/LanguageModeling.framework/Versions/A/LanguageModeling
0x00007fff299df000 	/System/Library/PrivateFrameworks/CoreEmoji.framework/Versions/A/CoreEmoji
0x00007fff2915c000 	/System/Library/PrivateFrameworks/LinguisticData.framework/Versions/A/LinguisticData
0x00007fff20edb000 	/System/Library/PrivateFrameworks/Lexicon.framework/Versions/A/Lexicon
0x00007fff2a744000 	/usr/lib/libcmph.dylib
0x00007fff2720f000 	/System/Library/Frameworks/OpenDirectory.framework/Versions/A/Frameworks/CFOpenDirectory.framework/Versions/A/CFOpenDirectory
0x00007fff271ff000 	/System/Library/Frameworks/OpenDirectory.framework/Versions/A/OpenDirectory
0x00007fff2acb3000 	/System/Library/PrivateFrameworks/APFS.framework/Versions/A/APFS
0x00007fff29d05000 	/System/Library/Frameworks/SecurityFoundation.framework/Versions/A/SecurityFoundation
0x00007fff2adbc000 	/usr/lib/libutil.dylib
0x00007fff22bd2000 	/System/Library/PrivateFrameworks/CoreServicesStore.framework/Versions/A/CoreServicesStore
0x00007fff29d9b000 	/System/Library/Frameworks/ServiceManagement.framework/Versions/A/ServiceManagement
0x00007fff2adc0000 	/usr/lib/libxslt.1.dylib
0x00007fff29d91000 	/System/Library/PrivateFrameworks/BackgroundTaskManagement.framework/Versions/A/BackgroundTaskManagement
0x00007fff2bd78000 	/System/Library/Frameworks/ImageIO.framework/Versions/A/Resources/libRadiance.dylib
0x00007fff2bd82000 	/System/Library/Frameworks/ImageIO.framework/Versions/A/Resources/libJPEG.dylib
0x00007fff2bccc000 	/System/Library/Frameworks/ImageIO.framework/Versions/A/Resources/libPng.dylib
0x00007fff2bcf3000 	/System/Library/Frameworks/ImageIO.framework/Versions/A/Resources/libTIFF.dylib
0x00007fff2bdd7000 	/System/Library/Frameworks/ImageIO.framework/Versions/A/Resources/libGIF.dylib
0x00007fff2ba1e000 	/System/Library/Frameworks/ImageIO.framework/Versions/A/Resources/libJP2.dylib
0x00007fff2b13b000 	/usr/lib/libexpat.1.dylib
0x00007fff2b9d4000 	/System/Library/PrivateFrameworks/AppleJPEG.framework/Versions/A/AppleJPEG
0x00007fff285ec000 	/System/Library/PrivateFrameworks/FontServices.framework/libFontParser.dylib
0x00007fff262cb000 	/System/Library/PrivateFrameworks/RunningBoardServices.framework/Versions/A/RunningBoardServices
0x00007fff2bafe000 	/System/Library/PrivateFrameworks/WatchdogClient.framework/Versions/A/WatchdogClient
0x00007fff216ca000 	/System/Library/Frameworks/CoreDisplay.framework/Versions/A/CoreDisplay
0x00007fff28501000 	/System/Library/Frameworks/CoreMedia.framework/Versions/A/CoreMedia
0x00007fff2738b000 	/System/Library/Frameworks/CoreVideo.framework/Versions/A/CoreVideo
0x00007fff2bb39000 	/System/Library/Frameworks/VideoToolbox.framework/Versions/A/VideoToolbox
0x00007fff2624b000 	/System/Library/PrivateFrameworks/BaseBoard.framework/Versions/A/BaseBoard
0x00007fff2b27e000 	/System/Library/PrivateFrameworks/PersistentConnection.framework/Versions/A/PersistentConnection
0x00007fff25fec000 	/System/Library/PrivateFrameworks/ProtocolBuffer.framework/Versions/A/ProtocolBuffer
0x00007fff26233000 	/System/Library/PrivateFrameworks/CommonUtilities.framework/Versions/A/CommonUtilities
0x00007fff2b997000 	/System/Library/PrivateFrameworks/Bom.framework/Versions/A/Bom
0x00007fff2bd70000 	/System/Library/PrivateFrameworks/GPUWrangler.framework/Versions/A/GPUWrangler
0x00007fff2bd53000 	/System/Library/PrivateFrameworks/IOPresentment.framework/Versions/A/IOPresentment
0x00007fff2bd7c000 	/System/Library/PrivateFrameworks/DSExternalDisplay.framework/Versions/A/DSExternalDisplay
0x00007fff2bddc000 	/System/Library/PrivateFrameworks/CMCaptureCore.framework/Versions/A/CMCaptureCore
0x00007fff2b71a000 	/System/Library/PrivateFrameworks/AppServerSupport.framework/Versions/A/AppServerSupport
0x00007fff2d7ad000 	/System/Library/PrivateFrameworks/perfdata.framework/Versions/A/perfdata
0x00007fff29cf4000 	/System/Library/PrivateFrameworks/AssertionServices.framework/Versions/A/AssertionServices
0x00007fff21801000 	/System/Library/PrivateFrameworks/AudioToolboxCore.framework/Versions/A/AudioToolboxCore
0x00007fff284e4000 	/System/Library/PrivateFrameworks/caulk.framework/Versions/A/caulk
0x00007fff3cba2000 	/System/Library/PrivateFrameworks/SystemPolicy.framework/Versions/A/SystemPolicy
0x00007fff2af4a000 	/usr/lib/libIOReport.dylib
0x00007fff2cfe9000 	/usr/lib/libSMC.dylib
0x00007fff2bc98000 	/usr/lib/libAudioToolboxUtility.dylib
0x00007fff3d4fd000 	/usr/lib/libmis.dylib
0x00007fff6ba18000 	/System/Library/Frameworks/OpenGL.framework/Versions/A/Libraries/libGLU.dylib
0x00007fff6b9db000 	/System/Library/Frameworks/OpenGL.framework/Versions/A/Libraries/libGFXShared.dylib
0x00007fff6bbe9000 	/System/Library/Frameworks/OpenGL.framework/Versions/A/Libraries/libGL.dylib
0x00007fff6b9e4000 	/System/Library/Frameworks/OpenGL.framework/Versions/A/Libraries/libGLImage.dylib
0x00007fff6b9d8000 	/System/Library/Frameworks/OpenGL.framework/Versions/A/Libraries/libCVMSPluginSupport.dylib
0x00007fff6b9c3000 	/System/Library/Frameworks/OpenGL.framework/Versions/A/Libraries/libCoreVMClient.dylib
0x00007fff6d033000 	/System/Library/Frameworks/OpenCL.framework/Versions/A/OpenCL
0x00007fff2b2a7000 	/System/Library/PrivateFrameworks/GraphVisualizer.framework/Versions/A/GraphVisualizer
0x00007fff2b2b6000 	/System/Library/PrivateFrameworks/FaceCore.framework/Versions/A/FaceCore
0x00007fff2b6d2000 	/System/Library/PrivateFrameworks/OTSVG.framework/Versions/A/OTSVG
0x00007fff26f84000 	/System/Library/Frameworks/ApplicationServices.framework/Versions/A/Frameworks/ATS.framework/Versions/A/Resources/libFontRegistry.dylib
0x00007fff2b721000 	/System/Library/PrivateFrameworks/FontServices.framework/libhvf.dylib
0x00007fff2b0e7000 	/System/Library/PrivateFrameworks/AppleVA.framework/Versions/A/AppleVA
0x00007fff2ce31000 	/System/Library/Frameworks/ApplicationServices.framework/Versions/A/Frameworks/ATS.framework/Versions/A/ATS
0x00007fff2d144000 	/System/Library/Frameworks/ApplicationServices.framework/Versions/A/Frameworks/ColorSyncLegacy.framework/Versions/A/ColorSyncLegacy
0x00007fff257ca000 	/System/Library/Frameworks/ApplicationServices.framework/Versions/A/Frameworks/HIServices.framework/Versions/A/HIServices
0x00007fff2d129000 	/System/Library/Frameworks/ApplicationServices.framework/Versions/A/Frameworks/LangAnalysis.framework/Versions/A/LangAnalysis
0x00007fff2bde6000 	/System/Library/Frameworks/ApplicationServices.framework/Versions/A/Frameworks/PrintCore.framework/Versions/A/PrintCore
0x00007fff2d14c000 	/System/Library/Frameworks/ApplicationServices.framework/Versions/A/Frameworks/QD.framework/Versions/A/QD
0x00007fff2ce21000 	/System/Library/Frameworks/ApplicationServices.framework/Versions/A/Frameworks/SpeechSynthesis.framework/Versions/A/SpeechSynthesis
0x00007fff2bda7000 	/System/Library/Frameworks/ApplicationServices.framework/Versions/A/Frameworks/ATSUI.framework/Versions/A/ATSUI
0x00007fff2d0c9000 	/usr/lib/libcups.2.dylib
0x00007fff2d139000 	/System/Library/PrivateFrameworks/NetAuth.framework/Versions/A/NetAuth
0x00007fff2d7c8000 	/System/Library/Frameworks/Kerberos.framework/Versions/A/Kerberos
0x00007fff2d7d8000 	/System/Library/Frameworks/GSS.framework/Versions/A/GSS
0x00007fff2ce9e000 	/usr/lib/libresolv.9.dylib
0x00007fff2b737000 	/System/Library/PrivateFrameworks/Heimdal.framework/Versions/A/Heimdal
0x00007fff33454000 	/System/Library/Frameworks/Kerberos.framework/Versions/A/Libraries/libHeimdalProxy.dylib
0x00007fff26398000 	/System/Library/Frameworks/Network.framework/Versions/A/Network
0x00007fff2b154000 	/usr/lib/libheimdal-asn1.dylib
0x00007fff2d829000 	/System/Library/PrivateFrameworks/CommonAuth.framework/Versions/A/CommonAuth
0x00007fff273d9000 	/System/Library/PrivateFrameworks/login.framework/Versions/A/Frameworks/loginsupport.framework/Versions/A/loginsupport
0x00007fff2cda8000 	/System/Library/PrivateFrameworks/AudioSession.framework/Versions/A/AudioSession
0x00007fff2ce0e000 	/usr/lib/libAudioStatistics.dylib
0x00007fff2b1e0000 	/System/Library/PrivateFrameworks/MediaExperience.framework/Versions/A/MediaExperience
0x00007fff2cc41000 	/System/Library/PrivateFrameworks/AudioSession.framework/libSessionUtility.dylib
0x00007fff2d7b9000 	/usr/lib/libperfcheck.dylib
0x00007fff2d158000 	/System/Library/PrivateFrameworks/AudioResourceArbitration.framework/Versions/A/AudioResourceArbitration
0x00007fff2b15e000 	/System/Library/PrivateFrameworks/IconFoundation.framework/Versions/A/IconFoundation
0x00007fff2fc49000 	/System/Library/PrivateFrameworks/SpeechRecognitionCore.framework/Versions/A/SpeechRecognitionCore
0x000000010f800000 	/Library/Java/JavaVirtualMachines/jdk-16.0.1.jdk/Contents/Home/lib/server/libjvm.dylib
0x000000010d25d000 	/Library/Java/JavaVirtualMachines/jdk-16.0.1.jdk/Contents/Home/lib/libjimage.dylib
0x000000010d2b3000 	/Library/Java/JavaVirtualMachines/jdk-16.0.1.jdk/Contents/Home/lib/libjava.dylib
0x000000010d515000 	/Library/Java/JavaVirtualMachines/jdk-16.0.1.jdk/Contents/Home/lib/libnio.dylib
0x000000010d529000 	/Library/Java/JavaVirtualMachines/jdk-16.0.1.jdk/Contents/Home/lib/libnet.dylib
0x000000010d543000 	/Library/Java/JavaVirtualMachines/jdk-16.0.1.jdk/Contents/Home/lib/libzip.dylib
0x000000010d551000 	/Library/Java/JavaVirtualMachines/jdk-16.0.1.jdk/Contents/Home/lib/libmanagement.dylib
0x000000010d55b000 	/Library/Java/JavaVirtualMachines/jdk-16.0.1.jdk/Contents/Home/lib/libmanagement_ext.dylib


VM Arguments:
jvm_args: -XX:TieredStopAtLevel=1 -Xverify:none -XX:TieredStopAtLevel=1 
java_command: btlltw.demo.DemoApplication
java_class_path (initial): /Users/tvthag/Documents/code/WEB/be/btl-ltw-be/target/classes:/Users/tvthag/.m2/repository/mysql/mysql-connector-java/8.0.26/mysql-connector-java-8.0.26.jar:/Users/tvthag/.m2/repository/org/springframework/spring-context-support/3.2.8.RELEASE/spring-context-support-3.2.8.RELEASE.jar:/Users/tvthag/.m2/repository/org/springframework/spring-beans/5.3.10/spring-beans-5.3.10.jar:/Users/tvthag/.m2/repository/org/springframework/spring-context/5.3.10/spring-context-5.3.10.jar:/Users/tvthag/.m2/repository/org/springframework/spring-core/5.3.10/spring-core-5.3.10.jar:/Users/tvthag/.m2/repository/org/springframework/spring-jcl/5.3.10/spring-jcl-5.3.10.jar:/Users/tvthag/.m2/repository/ch/qos/logback/logback-classic/1.2.6/logback-classic-1.2.6.jar:/Users/tvthag/.m2/repository/ch/qos/logback/logback-core/1.2.6/logback-core-1.2.6.jar:/Users/tvthag/.m2/repository/org/apache/logging/log4j/log4j-to-slf4j/2.14.1/log4j-to-slf4j-2.14.1.jar:/Users/tvthag/.m2/repository/org/apache/logging/log4j/log4j-api/2.14.1/log4j-api-2.14.1.jar:/Users/tvthag/.m2/repository/org/slf4j/jul-to-slf4j/1.7.32/jul-to-slf4j-1.7.32.jar:/Users/tvthag/.m2/repository/jakarta/annotation/jakarta.annotation-api/1.3.5/jakarta.annotation-api-1.3.5.jar:/Users/tvthag/.m2/repository/org/yaml/snakeyaml/1.28/snakeyaml-1.28.jar:/Users/tvthag/.m2/repository/com/fasterxml/jackson/datatype/jackson-datatype-jdk8/2.12.5/jackson-datatype-jdk8-2.12.5.jar:/Users/tvthag/.m2/repository/com/fasterxml/jackson/datatype/jackson-datatype-jsr310/2.12.5/jackson-datatype-jsr310-2.12.5.jar:/Users/tvthag/.m2/repository/com/fasterxml/jackson/module/jackson-module-parameter-names/2.12.5/jackson-module-parameter-names-2.12.5.jar:/Users/tvthag/.m2/repository/org/apache/tomcat/embed/tomcat-embed-core/9.0.53/tomcat-embed-core-9.0.53.jar:/Users/tvthag/.m2/repository/org/apache/tomcat/embed/tomcat-embed-el/9.0.53/tomcat-embed-el-9.0.53.jar:/Users/tvthag/.m2/repository/org/apache/tomcat/embed/tomcat-embed-websocket/9.0.53/t
Launcher Type: SUN_STANDARD

[Global flags]
     intx CICompilerCount                          = 3                                         {product} {ergonomic}
     uint ConcGCThreads                            = 1                                         {product} {ergonomic}
     uint G1ConcRefinementThreads                  = 4                                         {product} {ergonomic}
   size_t G1HeapRegionSize                         = 2097152                                   {product} {ergonomic}
    uintx GCDrainStackTargetSize                   = 64                                        {product} {ergonomic}
   size_t InitialHeapSize                          = 268435456                                 {product} {ergonomic}
   size_t MarkStackSize                            = 4194304                                   {product} {ergonomic}
   size_t MaxHeapSize                              = 4294967296                                {product} {ergonomic}
   size_t MaxNewSize                               = 2575302656                                {product} {ergonomic}
   size_t MinHeapDeltaBytes                        = 2097152                                   {product} {ergonomic}
   size_t MinHeapSize                              = 8388608                                   {product} {ergonomic}
    uintx NonNMethodCodeHeapSize                   = 6973028                                {pd product} {ergonomic}
    uintx NonProfiledCodeHeapSize                  = 244685212                              {pd product} {ergonomic}
    uintx ProfiledCodeHeapSize                     = 0                                      {pd product} {ergonomic}
    uintx ReservedCodeCacheSize                    = 251658240                              {pd product} {ergonomic}
     bool SegmentedCodeCache                       = true                                      {product} {ergonomic}
   size_t SoftMaxHeapSize                          = 4294967296                             {manageable} {ergonomic}
     intx TieredStopAtLevel                        = 1                                         {product} {command line}
     bool UseCompressedClassPointers               = true                           {product lp64_product} {ergonomic}
     bool UseCompressedOops                        = true                           {product lp64_product} {ergonomic}
     bool UseG1GC                                  = true                                      {product} {ergonomic}
     bool UseNUMA                                  = false                                     {product} {ergonomic}
     bool UseNUMAInterleaving                      = false                                     {product} {ergonomic}

Logging:
Log output configuration:
 #0: stdout all=warning uptime,level,tags
 #1: stderr all=off uptime,level,tags

Environment Variables:
JAVA_HOME=/Library/Java/JavaVirtualMachines/jdk-16.0.1.jdk/Contents/Home
PATH=/usr/bin:/bin:/usr/sbin:/sbin
SHELL=/bin/zsh
LC_CTYPE=UTF-8

Signal Handlers:
SIGSEGV: [libjvm.dylib+0xa7bdc0], sa_mask[0]=11100110000111110111111111111111, sa_flags=SA_ONSTACK|SA_RESTART|SA_SIGINFO
SIGBUS: [libjvm.dylib+0xa7bdc0], sa_mask[0]=11100110000111110111111111111111, sa_flags=SA_RESTART|SA_SIGINFO
SIGFPE: [libjvm.dylib+0xa7bdc0], sa_mask[0]=11100110000111110111111111111111, sa_flags=SA_RESTART|SA_SIGINFO
SIGPIPE: [libjvm.dylib+0x945ca0], sa_mask[0]=11100110000111110111111111111111, sa_flags=SA_RESTART|SA_SIGINFO
SIGXFSZ: [libjvm.dylib+0x945ca0], sa_mask[0]=11100110000111110111111111111111, sa_flags=SA_RESTART|SA_SIGINFO
SIGILL: [libjvm.dylib+0xa7bdc0], sa_mask[0]=11100110000111110111111111111111, sa_flags=SA_RESTART|SA_SIGINFO
SIGUSR2: [libjvm.dylib+0x946750], sa_mask[0]=00100000000000000000000000000000, sa_flags=SA_RESTART|SA_SIGINFO
SIGHUP: [libjvm.dylib+0x944d10], sa_mask[0]=11100110000111110111111111111111, sa_flags=SA_RESTART|SA_SIGINFO
SIGINT: SIG_IGN, sa_mask[0]=00000000000000000000000000000000, sa_flags=none
SIGTERM: [libjvm.dylib+0x944d10], sa_mask[0]=11100110000111110111111111111111, sa_flags=SA_RESTART|SA_SIGINFO
SIGQUIT: [libjvm.dylib+0x944d10], sa_mask[0]=11100110000111110111111111111111, sa_flags=SA_RESTART|SA_SIGINFO
SIGTRAP: [libjvm.dylib+0xa7bdc0], sa_mask[0]=11100110000111110111111111111111, sa_flags=SA_RESTART|SA_SIGINFO


---------------  S Y S T E M  ---------------

OS:uname: Darwin 20.4.0 Darwin Kernel Version 20.4.0: Thu Apr 22 21:46:47 PDT 2021; root:xnu-7195.101.2~1/RELEASE_X86_64 x86_64
OS uptime: 0 days 11:30 hours
rlimit (soft/hard): STACK 8192k/65532k , CORE 0k/infinity , NPROC 2784/4176 , NOFILE 10240/infinity , AS infinity/infinity , CPU infinity/infinity , DATA infinity/infinity , FSIZE infinity/infinity , MEMLOCK infinity/infinity , RSS infinity/infinity
load average: 9.98 6.57 6.54

CPU: total 4 (initial active 4) (2 cores per cpu, 2 threads per core) family 6 model 61 stepping 4 microcode 0x2f, cx8, cmov, fxsr, ht, mmx, 3dnowpref, sse, sse2, sse3, ssse3, sse4.1, sse4.2, popcnt, lzcnt, tsc, tscinvbit, avx, avx2, aes, erms, clmul, bmi1, bmi2, adx, fma, vzeroupper, clflush

Memory: 4k page, physical 16777216k(29692k free), swap 3145728k(1721600k free)

vm_info: Java HotSpot(TM) 64-Bit Server VM (16.0.1+9-24) for bsd-amd64 JRE (16.0.1+9-24), built on Mar 26 2021 18:20:04 by "mach5one" with clang 4.2.1 Compatible Apple LLVM 11.0.0 (clang-1100.0.33.17)

END.
